This is pdfeTeX, Version 3.141592-1.21a-2.2 (Web2C 7.5.4) (format=latex 2005.9.13)  26 OCT 2007 10:14
entering extended mode
**Guide.tex
(./Guide.tex
LaTeX2e <2003/12/01>
Babel <v3.8d> and hyphenation patterns for american, french, german, ngerman, b
ahasa, basque, bulgarian, catalan, croatian, czech, danish, dutch, esperanto, e
stonian, finnish, greek, icelandic, irish, italian, latin, magyar, norsk, polis
h, portuges, romanian, russian, serbian, slovak, slovene, spanish, swedish, tur
kish, ukrainian, nohyphenation, loaded.
(/usr/share/texmf/tex/latex/base/article.cls
Document Class: article 2004/02/16 v1.4f Standard LaTeX document class
(/usr/share/texmf/tex/latex/base/size10.clo
File: size10.clo 2004/02/16 v1.4f Standard LaTeX file (size option)
)
\c@part=\count79
\c@section=\count80
\c@subsection=\count81
\c@subsubsection=\count82
\c@paragraph=\count83
\c@subparagraph=\count84
\c@figure=\count85
\c@table=\count86
\abovecaptionskip=\skip41
\belowcaptionskip=\skip42
\bibindent=\dimen102
)
(/usr/share/texmf/tex/latex/graphics/epsfig.sty
Package: epsfig 1999/02/16 v1.7a (e)psfig emulation (SPQR)

(/usr/share/texmf/tex/latex/graphics/graphicx.sty
Package: graphicx 1999/02/16 v1.0f Enhanced LaTeX Graphics (DPC,SPQR)

(/usr/share/texmf/tex/latex/graphics/keyval.sty
Package: keyval 1999/03/16 v1.13 key=value parser (DPC)
\KV@toks@=\toks14
)
(/usr/share/texmf/tex/latex/graphics/graphics.sty
Package: graphics 2001/07/07 v1.0n Standard LaTeX Graphics (DPC,SPQR)

(/usr/share/texmf/tex/latex/graphics/trig.sty
Package: trig 1999/03/16 v1.09 sin cos tan (DPC)
)
(/usr/share/texmf/tex/latex/graphics/graphics.cfg
File: graphics.cfg 2005/02/03 v1.3 graphics configuration of teTeX/TeXLive
)
Package graphics Info: Driver file: dvips.def on input line 80.

(/usr/share/texmf/tex/latex/graphics/dvips.def
File: dvips.def 1999/02/16 v3.0i Driver-dependant file (DPC,SPQR)
))
\Gin@req@height=\dimen103
\Gin@req@width=\dimen104
)
\epsfxsize=\dimen105
\epsfysize=\dimen106
)
No file Guide.aux.
\openout1 = `Guide.aux'.

LaTeX Font Info:    Checking defaults for OML/cmm/m/it on input line 28.
LaTeX Font Info:    ... okay on input line 28.
LaTeX Font Info:    Checking defaults for T1/cmr/m/n on input line 28.
LaTeX Font Info:    ... okay on input line 28.
LaTeX Font Info:    Checking defaults for OT1/cmr/m/n on input line 28.
LaTeX Font Info:    ... okay on input line 28.
LaTeX Font Info:    Checking defaults for OMS/cmsy/m/n on input line 28.
LaTeX Font Info:    ... okay on input line 28.
LaTeX Font Info:    Checking defaults for OMX/cmex/m/n on input line 28.
LaTeX Font Info:    ... okay on input line 28.
LaTeX Font Info:    Checking defaults for U/cmr/m/n on input line 28.
LaTeX Font Info:    ... okay on input line 28.
LaTeX Font Info:    External font `cmex10' loaded for size
(Font)              <12> on input line 49.
LaTeX Font Info:    External font `cmex10' loaded for size
(Font)              <8> on input line 49.
LaTeX Font Info:    External font `cmex10' loaded for size
(Font)              <6> on input line 49.
LaTeX Font Info:    External font `cmex10' loaded for size
(Font)              <5> on input line 51.
No file Guide.toc.
\tf@toc=\write3
\openout3 = `Guide.toc'.

[1

]

! LaTeX Error: File `Arch.tex' not found.

Type X to quit or <RETURN> to proceed,
or enter new name. (Default extension: tex)

Enter file name: 
! Undefined control sequence.
<argument> \box \graph 
                       
l.99   \centerline{\box\graph}
                              
? 
! Missing number, treated as zero.
<to be read again> 
                   \hss 
l.99   \centerline{\box\graph}
                              
? 

LaTeX Warning: Reference `fig:Arch' on page 2 undefined on input line 107.

LaTeX Font Info:    External font `cmex10' loaded for size
(Font)              <7> on input line 108.
[2]

! LaTeX Error: File `hello1.tb.tex' not found.

Type X to quit or <RETURN> to proceed,
or enter new name. (Default extension: tb.tex)

Enter file name: 

Underfull \hbox (badness 10000) in paragraph at lines 188--190

 []


! LaTeX Error: File `hello2.tb.tex' not found.

Type X to quit or <RETURN> to proceed,
or enter new name. (Default extension: tb.tex)

Enter file name: 

Underfull \hbox (badness 10000) in paragraph at lines 196--198

 []


! LaTeX Error: File `hello.c.tex' not found.

Type X to quit or <RETURN> to proceed,
or enter new name. (Default extension: c.tex)

Enter file name: 

Underfull \hbox (badness 10000) in paragraph at lines 204--206

 []


! LaTeX Error: File `hello-gen.c.tex' not found.

Type X to quit or <RETURN> to proceed,
or enter new name. (Default extension: c.tex)

Enter file name: 

Underfull \hbox (badness 10000) in paragraph at lines 212--214

 []


LaTeX Warning: Reference `fig:hello1.tb' on page 3 undefined on input line 227.



LaTeX Warning: Reference `fig:hello2.tb' on page 3 undefined on input line 239.


[3]

LaTeX Warning: Reference `fig:hello.c' on page 4 undefined on input line 245.

LaTeX Font Info:    Try loading font information for OMS+cmr on input line 250.

(/usr/share/texmf/tex/latex/base/omscmr.fd
File: omscmr.fd 1999/05/25 v2.5h Standard LaTeX font definitions
)
LaTeX Font Info:    Font shape `OMS/cmr/m/n' in size <10> not available
(Font)              Font shape `OMS/cmsy/m/n' tried instead on input line 250.


LaTeX Warning: Reference `fig:hello-gen.c' on page 4 undefined on input line 28
0.


LaTeX Warning: Reference `tifstoc' on page 4 undefined on input line 282.

[4]

LaTeX Warning: Reference `Executing' on page 5 undefined on input line 334.


LaTeX Warning: Reference `Adapters' on page 5 undefined on input line 337.


LaTeX Warning: Reference `ToolsInC' on page 5 undefined on input line 338.


LaTeX Warning: Reference `ToolsFromUnix' on page 5 undefined on input line 343.



LaTeX Warning: Reference `ToolsInJava' on page 5 undefined on input line 344.


LaTeX Warning: Reference `ToolsInPerl' on page 5 undefined on input line 345.


LaTeX Warning: Reference `ToolsInPython' on page 5 undefined on input line 346.



LaTeX Warning: Reference `ToolsInTcl2' on page 5 undefined on input line 347.

[5] [6]

LaTeX Warning: Reference `Hello' on page 7 undefined on input line 490.


LaTeX Warning: Reference `fig:hello2.tb' on page 7 undefined on input line 498.



LaTeX Warning: Reference `fig:hello3.tb' on page 7 undefined on input line 499.



! LaTeX Error: File `hello3.tb.tex' not found.

Type X to quit or <RETURN> to proceed,
or enter new name. (Default extension: tb.tex)

Enter file name: 

Underfull \hbox (badness 10000) in paragraph at lines 514--516

 []


! LaTeX Error: File `Adapter.tex' not found.

Type X to quit or <RETURN> to proceed,
or enter new name. (Default extension: tex)

Enter file name: 
! Undefined control sequence.
<argument> \box \graph 
                       
l.526   \centerline{\box\graph}
                               
? 
! Missing number, treated as zero.
<to be read again> 
                   \hss 
l.526   \centerline{\box\graph}
                               
? 

LaTeX Warning: Reference `fig:adapter' on page 7 undefined on input line 539.

[7]

LaTeX Warning: Reference `ToolArgs' on page 8 undefined on input line 579.


LaTeX Warning: Reference `ATerms' on page 8 undefined on input line 594.


LaTeX Warning: Reference `GlobalStructureTool' on page 8 undefined on input lin
e 596.


LaTeX Warning: Reference `ToolBusAPI' on page 8 undefined on input line 598.


LaTeX Warning: Reference `CompilingTools' on page 8 undefined on input line 600
.


LaTeX Warning: Reference `tifstoc' on page 8 undefined on input line 602.

[8]

LaTeX Warning: Reference `Memory' on page 9 undefined on input line 649.

[9]

LaTeX Warning: Reference `Memory' on page 10 undefined on input line 728.

[10] [11] [12]

! LaTeX Error: File `Tool.tex' not found.

Type X to quit or <RETURN> to proceed,
or enter new name. (Default extension: tex)

Enter file name: q
(/usr/share/texmf/tex/latex/tools/q.tex File ignored
)
! Undefined control sequence.
<argument> \box \graph 
                       
l.953   \centerline{\box\graph}
                               
The control sequence at the end of the top line
of your error message was never \def'ed. If you have
misspelled it (e.g., `\hobx'), type `I' and the correct
spelling (e.g., `I\hbox'). Otherwise just continue,
and I'll forget about whatever was undefined.

! Missing number, treated as zero.
<to be read again> 
                   \hss 
l.953   \centerline{\box\graph}
                               
A number should have been here; I inserted `0'.
(If you can't figure out why I needed to see a number,
look up `weird error' in the index to The TeXbook.)


LaTeX Warning: Reference `fig:Tool' on page 13 undefined on input line 975.

[13]

LaTeX Warning: Reference `fig:hello.c' on page 14 undefined on input line 1011.



LaTeX Warning: Reference `ATBinit' on page 14 undefined on input line 1034.


LaTeX Warning: Reference `ATBconnect' on page 14 undefined on input line 1037.


LaTeX Warning: Reference `ATBconnect' on page 14 undefined on input line 1039.


LaTeX Warning: Reference `ATBeventloop' on page 14 undefined on input line 1042
.


LaTeX Warning: Reference `ATBreadTerm' on page 14 undefined on input line 1044.



LaTeX Warning: Reference `ATBreadTerm' on page 14 undefined on input line 1046.


[14]

LaTeX Warning: Reference `Executing' on page 15 undefined on input line 1080.


LaTeX Warning: Reference `ATinit' on page 15 undefined on input line 1086.

[15] [16]
Overfull \hbox (13.4917pt too wide) in paragraph at lines 1257--1261
[]\OT1/cmr/m/n/10 In other words, each it-er-a-tion starts by send-ing zero or 
more terms to the \OT1/cmr/m/sc/10 Tool-Bus \OT1/cmr/m/n/10 (us-ing \OT1/cmtt/m
/n/10 ATBwriteTerm\OT1/cmr/m/n/10 )
 []

[17]

! LaTeX Error: File `Tifs.tex' not found.

Type X to quit or <RETURN> to proceed,
or enter new name. (Default extension: tex)

Enter file name: 
! Emergency stop.
<read *> 
         
l.1298   \input{Tifs.tex}
                         ^^M
*** (cannot \read from terminal in nonstop modes)

 
Here is how much of TeX's memory you used:
 658 strings out of 94500
 7635 string characters out of 1172833
 57400 words of memory out of 3500000
 3857 multiletter control sequences out of 10000+50000
 12004 words of font info for 42 fonts, out of 500000 for 2000
 580 hyphenation exceptions out of 1000
 32i,8n,21p,213b,242s stack positions out of 1500i,500n,5000p,200000b,5000s
Output written on Guide.dvi (17 pages, 58984 bytes).
