This file contains any messages produced by compilers while
running configure, to aid debugging if configure makes a mistake.

It was created by configure, which was
generated by GNU Autoconf 2.60.  Invocation command line was

  $ ./configure --prefix=/export/scratch1/kooiker/glt/asfsdf-meta/trunk/install/swixml-gui --with-aterm-java=/export/scratch1/kooiker/glt/asfsdf-meta/trunk/install/aterm-java --with-meta-studio=/export/scratch1/kooiker/glt/asfsdf-meta/trunk/install/meta-studio --with-toolbus-java-adapter=/export/scratch1/kooiker/glt/asfsdf-meta/trunk/install/toolbus-java-adapter --enable-maintainer-mode

## --------- ##
## Platform. ##
## --------- ##

hostname = winkelhaak.sen.cwi.nl
uname -m = x86_64
uname -r = 2.6.20-1.2933.fc6
uname -s = Linux
uname -v = #1 SMP Mon Mar 19 11:00:19 EDT 2007

/usr/bin/uname -p = unknown
/bin/uname -X     = unknown

/bin/arch              = x86_64
/usr/bin/arch -k       = unknown
/usr/convex/getsysinfo = unknown
/usr/bin/hostinfo      = unknown
/bin/machine           = unknown
/usr/bin/oslevel       = unknown
/bin/universe          = unknown

PATH: ~/bin/sh/
PATH: ~/bin
PATH: /export/scratch1/kooiker/java/current/bin
PATH: /export/scratch1/kooiker/adobe/current/bin
PATH: /export/scratch1/kooiker/sisyphus/current/bin
PATH: /export/scratch1/kooiker/meta-build-env/current/bin
PATH: /export/scratch1/kooiker/meta-autotools/current/bin
PATH: /export/scratch1/kooiker/ruby/current/bin
PATH: /export/scratch1/kooiker/xxe/current/bin
PATH: /ufs/sen1/software/installed/sen1-dev-tools/bin
PATH: /bin
PATH: /usr/bin
PATH: /usr/sbin
PATH: /usr/X11R6/bin
PATH: /cwi/bin


## ----------- ##
## Core tests. ##
## ----------- ##

configure:1811: checking for a BSD-compatible install
configure:1867: result: /usr/bin/install -c
configure:1878: checking whether build environment is sane
configure:1921: result: yes
configure:1949: checking for a thread-safe mkdir -p
configure:1988: result: /bin/mkdir -p
configure:2001: checking for gawk
configure:2017: found /bin/gawk
configure:2028: result: gawk
configure:2039: checking whether make sets $(MAKE)
configure:2060: result: yes
configure:2127: checking for pkg-config
configure:2145: found /export/scratch1/kooiker/meta-autotools/current/bin/pkg-config
configure:2157: result: /export/scratch1/kooiker/meta-autotools/current/bin/pkg-config
configure:2186: checking pkg-config is at least version 0.9.0
configure:2189: result: yes
configure:2379: checking whether to enable maintainer-specific portions of Makefiles
configure:2388: result: yes
configure:2410: checking whether CFLAGS is set
configure:2418: result: no, setting to maintainer default (-Wall -Werror -g -O2)
configure:2436: checking if PKG_CONFIG_PATH needs to be extended for bundled packages
configure:2445: result: no
configure:2459: checking whether location of aterm-java is explicitly set using --with-aterm-java
configure:2463: result: yes
configure:2500: checking whether location of meta-studio is explicitly set using --with-meta-studio
configure:2504: result: yes
configure:2541: checking whether location of toolbus-java-adapter is explicitly set using --with-toolbus-java-adapter
configure:2545: result: yes
configure:2580: checking for ATERM_JAVA
configure:2588: $PKG_CONFIG --exists --print-errors "aterm-java"
configure:2591: $? = 0
configure:2606: $PKG_CONFIG --exists --print-errors "aterm-java"
configure:2609: $? = 0
configure:2685: result: yes
configure:2691: checking for META_STUDIO
configure:2699: $PKG_CONFIG --exists --print-errors "meta-studio"
configure:2702: $? = 0
configure:2717: $PKG_CONFIG --exists --print-errors "meta-studio"
configure:2720: $? = 0
configure:2796: result: yes
configure:2802: checking for TOOLBUS_JAVA_ADAPTER
configure:2810: $PKG_CONFIG --exists --print-errors "toolbus-java-adapter"
configure:2813: $? = 0
configure:2828: $PKG_CONFIG --exists --print-errors "toolbus-java-adapter"
configure:2831: $? = 0
configure:2907: result: yes
configure:2914: checking prefix of package aterm-java
configure:2926: result: explicitly set: /export/scratch1/kooiker/glt/asfsdf-meta/trunk/install/aterm-java
configure:2929: checking if package aterm-java at this prefix equals the explicitly set package
configure:2940: result: yes
configure:2974: checking the transitive closure of dependencies of aterm-java
configure:2977: result: aterm-java shared-objects JJTraveler
configure:2981: checking if aterm-java provides jars
configure:3025: result: :/export/scratch1/kooiker/glt/asfsdf-meta/trunk/install/aterm-java/share/aterm-java.jar:/export/scratch1/kooiker/glt/asfsdf-meta/trunk/install/shared-objects/share/shared-objects.jar:/export/scratch1/kooiker/glt/asfsdf-meta/trunk/install/JJTraveler/share/jjtraveler.jar
configure:3033: checking if aterm-java provides ToolBus flags
configure:3065: result: no
configure:3076: checking prefix of package meta-studio
configure:3088: result: explicitly set: /export/scratch1/kooiker/glt/asfsdf-meta/trunk/install/meta-studio
configure:3091: checking if package meta-studio at this prefix equals the explicitly set package
configure:3102: result: yes
configure:3136: checking the transitive closure of dependencies of meta-studio
configure:3139: result: meta-studio aterm-java shared-objects JJTraveler config-support aterm toolbus toolbuslib toolbus-java-adapter svg-support
configure:3143: checking if meta-studio provides jars
configure:3187: result: :/export/scratch1/kooiker/glt/asfsdf-meta/trunk/install/meta-studio/share/meta-studio.jar:/export/scratch1/kooiker/glt/asfsdf-meta/trunk/install/meta-studio/share/idw-gpl-1.5.0.jar:/export/scratch1/kooiker/glt/asfsdf-meta/trunk/install/aterm-java/share/aterm-java.jar:/export/scratch1/kooiker/glt/asfsdf-meta/trunk/install/shared-objects/share/shared-objects.jar:/export/scratch1/kooiker/glt/asfsdf-meta/trunk/install/JJTraveler/share/jjtraveler.jar:/export/scratch1/kooiker/glt/asfsdf-meta/trunk/install/config-support/share/configapi.jar:/export/scratch1/kooiker/glt/asfsdf-meta/trunk/install/toolbus-java-adapter/share/toolbus-java-adapter.jar:/export/scratch1/kooiker/glt/asfsdf-meta/trunk/install/svg-support/share/svg-support/batik.jar
configure:3195: checking if meta-studio provides ToolBus flags
configure:3230: result: yes
configure:3238: checking prefix of package toolbus-java-adapter
configure:3250: result: explicitly set: /export/scratch1/kooiker/glt/asfsdf-meta/trunk/install/toolbus-java-adapter
configure:3253: checking if package toolbus-java-adapter at this prefix equals the explicitly set package
configure:3264: result: yes
configure:3298: checking the transitive closure of dependencies of toolbus-java-adapter
configure:3301: result: toolbus-java-adapter aterm-java shared-objects JJTraveler
configure:3305: checking if toolbus-java-adapter provides jars
configure:3349: result: :/export/scratch1/kooiker/glt/asfsdf-meta/trunk/install/toolbus-java-adapter/share/toolbus-java-adapter.jar:/export/scratch1/kooiker/glt/asfsdf-meta/trunk/install/aterm-java/share/aterm-java.jar:/export/scratch1/kooiker/glt/asfsdf-meta/trunk/install/shared-objects/share/shared-objects.jar:/export/scratch1/kooiker/glt/asfsdf-meta/trunk/install/JJTraveler/share/jjtraveler.jar
configure:3357: checking if toolbus-java-adapter provides ToolBus flags
configure:3389: result: no
configure:3568: creating ./config.status

## ---------------------- ##
## Running config.status. ##
## ---------------------- ##

This file was extended by config.status, which was
generated by GNU Autoconf 2.60.  Invocation command line was

  CONFIG_FILES    = 
  CONFIG_HEADERS  = 
  CONFIG_LINKS    = 
  CONFIG_COMMANDS = 
  $ ./config.status 

on winkelhaak.sen.cwi.nl

config.status:610: creating swixml-gui.pc
config.status:610: creating ./lib/Makefile
config.status:610: creating ./Makefile

## ---------------- ##
## Cache variables. ##
## ---------------- ##

ac_cv_env_ATERM_JAVA_CFLAGS_set=
ac_cv_env_ATERM_JAVA_CFLAGS_value=
ac_cv_env_ATERM_JAVA_LIBS_set=
ac_cv_env_ATERM_JAVA_LIBS_value=
ac_cv_env_ATERM_JAVA_PREFIX_set=
ac_cv_env_ATERM_JAVA_PREFIX_value=
ac_cv_env_META_STUDIO_CFLAGS_set=
ac_cv_env_META_STUDIO_CFLAGS_value=
ac_cv_env_META_STUDIO_LIBS_set=
ac_cv_env_META_STUDIO_LIBS_value=
ac_cv_env_META_STUDIO_PREFIX_set=
ac_cv_env_META_STUDIO_PREFIX_value=
ac_cv_env_PKG_CONFIG_set=
ac_cv_env_PKG_CONFIG_value=
ac_cv_env_TOOLBUS_JAVA_ADAPTER_CFLAGS_set=
ac_cv_env_TOOLBUS_JAVA_ADAPTER_CFLAGS_value=
ac_cv_env_TOOLBUS_JAVA_ADAPTER_LIBS_set=
ac_cv_env_TOOLBUS_JAVA_ADAPTER_LIBS_value=
ac_cv_env_TOOLBUS_JAVA_ADAPTER_PREFIX_set=
ac_cv_env_TOOLBUS_JAVA_ADAPTER_PREFIX_value=
ac_cv_env_build_alias_set=
ac_cv_env_build_alias_value=
ac_cv_env_host_alias_set=
ac_cv_env_host_alias_value=
ac_cv_env_target_alias_set=
ac_cv_env_target_alias_value=
ac_cv_path_ac_pt_PKG_CONFIG=/export/scratch1/kooiker/meta-autotools/current/bin/pkg-config
ac_cv_path_install='/usr/bin/install -c'
ac_cv_path_mkdir=/bin/mkdir
ac_cv_prog_AWK=gawk
ac_cv_prog_make_make_set=yes
pkg_cv_ATERM_JAVA_CFLAGS=' '
pkg_cv_ATERM_JAVA_LIBS=' '
pkg_cv_META_STUDIO_CFLAGS='-I/export/scratch1/kooiker/glt/asfsdf-meta/trunk/install/config-support/include -I/export/scratch1/kooiker/glt/asfsdf-meta/trunk/install/aterm/include -I/export/scratch1/kooiker/glt/asfsdf-meta/trunk/install/toolbuslib/include  '
pkg_cv_META_STUDIO_LIBS='-L/export/scratch1/kooiker/glt/asfsdf-meta/trunk/install/config-support/lib -L/export/scratch1/kooiker/glt/asfsdf-meta/trunk/install/aterm/lib -L/export/scratch1/kooiker/glt/asfsdf-meta/trunk/install/toolbuslib/lib -lConfigAPI -lATB -lbsd -lnsl -lATerm  '
pkg_cv_TOOLBUS_JAVA_ADAPTER_CFLAGS=' '
pkg_cv_TOOLBUS_JAVA_ADAPTER_LIBS=' '

## ----------------- ##
## Output variables. ##
## ----------------- ##

ACLOCAL='${SHELL} /export/scratch1/kooiker/glt/asfsdf-meta/trunk/build/swixml-gui/missing --run aclocal-1.10'
AMTAR='${SHELL} /export/scratch1/kooiker/glt/asfsdf-meta/trunk/build/swixml-gui/missing --run tar'
ATERM_JAVA_CFLAGS=' '
ATERM_JAVA_INSTALLED_JARS=':/export/scratch1/kooiker/glt/asfsdf-meta/trunk/install/aterm-java/share/aterm-java.jar:/export/scratch1/kooiker/glt/asfsdf-meta/trunk/install/shared-objects/share/shared-objects.jar:/export/scratch1/kooiker/glt/asfsdf-meta/trunk/install/JJTraveler/share/jjtraveler.jar'
ATERM_JAVA_JARS=':/export/scratch1/kooiker/glt/asfsdf-meta/trunk/install/aterm-java/share/aterm-java.jar:/export/scratch1/kooiker/glt/asfsdf-meta/trunk/install/shared-objects/share/shared-objects.jar:/export/scratch1/kooiker/glt/asfsdf-meta/trunk/install/JJTraveler/share/jjtraveler.jar'
ATERM_JAVA_LIBS=' '
ATERM_JAVA_PREFIX='/export/scratch1/kooiker/glt/asfsdf-meta/trunk/install/aterm-java'
ATERM_JAVA_TOOLBUSFLAGS=''
AUTOCONF='${SHELL} /export/scratch1/kooiker/glt/asfsdf-meta/trunk/build/swixml-gui/missing --run autoconf'
AUTOHEADER='${SHELL} /export/scratch1/kooiker/glt/asfsdf-meta/trunk/build/swixml-gui/missing --run autoheader'
AUTOMAKE='${SHELL} /export/scratch1/kooiker/glt/asfsdf-meta/trunk/build/swixml-gui/missing --run automake-1.10'
AWK='gawk'
CYGPATH_W='echo'
DEFS='-DPACKAGE_NAME=\"\" -DPACKAGE_TARNAME=\"\" -DPACKAGE_VERSION=\"\" -DPACKAGE_STRING=\"\" -DPACKAGE_BUGREPORT=\"\" -DPACKAGE=\"swixml-gui\" -DVERSION=\"1.0\"'
DISABLE_FALSE=''
DISABLE_TRUE='#'
ECHO_C=''
ECHO_N='-n'
ECHO_T=''
EXTERNAL_INSTALLED_JARS=':/export/scratch1/kooiker/glt/asfsdf-meta/trunk/install/aterm-java/share/aterm-java.jar:/export/scratch1/kooiker/glt/asfsdf-meta/trunk/install/shared-objects/share/shared-objects.jar:/export/scratch1/kooiker/glt/asfsdf-meta/trunk/install/JJTraveler/share/jjtraveler.jar:/export/scratch1/kooiker/glt/asfsdf-meta/trunk/install/meta-studio/share/meta-studio.jar:/export/scratch1/kooiker/glt/asfsdf-meta/trunk/install/meta-studio/share/idw-gpl-1.5.0.jar:/export/scratch1/kooiker/glt/asfsdf-meta/trunk/install/config-support/share/configapi.jar:/export/scratch1/kooiker/glt/asfsdf-meta/trunk/install/toolbus-java-adapter/share/toolbus-java-adapter.jar:/export/scratch1/kooiker/glt/asfsdf-meta/trunk/install/svg-support/share/svg-support/batik.jar'
EXTERNAL_JARS=' :/export/scratch1/kooiker/glt/asfsdf-meta/trunk/install/aterm-java/share/aterm-java.jar:/export/scratch1/kooiker/glt/asfsdf-meta/trunk/install/shared-objects/share/shared-objects.jar:/export/scratch1/kooiker/glt/asfsdf-meta/trunk/install/JJTraveler/share/jjtraveler.jar:/export/scratch1/kooiker/glt/asfsdf-meta/trunk/install/meta-studio/share/meta-studio.jar:/export/scratch1/kooiker/glt/asfsdf-meta/trunk/install/meta-studio/share/idw-gpl-1.5.0.jar:/export/scratch1/kooiker/glt/asfsdf-meta/trunk/install/config-support/share/configapi.jar:/export/scratch1/kooiker/glt/asfsdf-meta/trunk/install/toolbus-java-adapter/share/toolbus-java-adapter.jar:/export/scratch1/kooiker/glt/asfsdf-meta/trunk/install/svg-support/share/svg-support/batik.jar'
INSTALL_DATA='${INSTALL} -m 644'
INSTALL_PROGRAM='${INSTALL}'
INSTALL_SCRIPT='${INSTALL}'
INSTALL_STRIP_PROGRAM='$(install_sh) -c -s'
JAVA='java'
JAVA_JAR='swixml-gui.jar'
JAVA_LOCAL_JARS='lib/j2h.jar:lib/jdom.jar:lib/junit.jar:lib/swixml-gui.jar:lib/swixml.jar:lib/ui.jar'
JAVA_MAIN_CLASS='nl.cwi.sen1.gui.plugin.SWIXML'
JAVA_PACKAGES='nl,nl.cwi,nl.cwi.sen1,nl.cwi.sen1.gui,nl.cwi.sen1.gui.plugin'
JAVA_TEST_CLASS=''
LIBOBJS=''
LIBS=''
LTLIBOBJS=''
MAINT=''
MAINTAINER_MODE_FALSE='#'
MAINTAINER_MODE_TRUE=''
MAKEINFO='${SHELL} /export/scratch1/kooiker/glt/asfsdf-meta/trunk/build/swixml-gui/missing --run makeinfo'
META_STUDIO_CFLAGS='-I/export/scratch1/kooiker/glt/asfsdf-meta/trunk/install/config-support/include -I/export/scratch1/kooiker/glt/asfsdf-meta/trunk/install/aterm/include -I/export/scratch1/kooiker/glt/asfsdf-meta/trunk/install/toolbuslib/include  '
META_STUDIO_INSTALLED_JARS=':/export/scratch1/kooiker/glt/asfsdf-meta/trunk/install/meta-studio/share/meta-studio.jar:/export/scratch1/kooiker/glt/asfsdf-meta/trunk/install/meta-studio/share/idw-gpl-1.5.0.jar:/export/scratch1/kooiker/glt/asfsdf-meta/trunk/install/aterm-java/share/aterm-java.jar:/export/scratch1/kooiker/glt/asfsdf-meta/trunk/install/shared-objects/share/shared-objects.jar:/export/scratch1/kooiker/glt/asfsdf-meta/trunk/install/JJTraveler/share/jjtraveler.jar:/export/scratch1/kooiker/glt/asfsdf-meta/trunk/install/config-support/share/configapi.jar:/export/scratch1/kooiker/glt/asfsdf-meta/trunk/install/toolbus-java-adapter/share/toolbus-java-adapter.jar:/export/scratch1/kooiker/glt/asfsdf-meta/trunk/install/svg-support/share/svg-support/batik.jar'
META_STUDIO_JARS=':/export/scratch1/kooiker/glt/asfsdf-meta/trunk/install/meta-studio/share/meta-studio.jar:/export/scratch1/kooiker/glt/asfsdf-meta/trunk/install/meta-studio/share/idw-gpl-1.5.0.jar:/export/scratch1/kooiker/glt/asfsdf-meta/trunk/install/aterm-java/share/aterm-java.jar:/export/scratch1/kooiker/glt/asfsdf-meta/trunk/install/shared-objects/share/shared-objects.jar:/export/scratch1/kooiker/glt/asfsdf-meta/trunk/install/JJTraveler/share/jjtraveler.jar:/export/scratch1/kooiker/glt/asfsdf-meta/trunk/install/config-support/share/configapi.jar:/export/scratch1/kooiker/glt/asfsdf-meta/trunk/install/toolbus-java-adapter/share/toolbus-java-adapter.jar:/export/scratch1/kooiker/glt/asfsdf-meta/trunk/install/svg-support/share/svg-support/batik.jar'
META_STUDIO_LIBS='-L/export/scratch1/kooiker/glt/asfsdf-meta/trunk/install/config-support/lib -L/export/scratch1/kooiker/glt/asfsdf-meta/trunk/install/aterm/lib -L/export/scratch1/kooiker/glt/asfsdf-meta/trunk/install/toolbuslib/lib -lConfigAPI -lATB -lbsd -lnsl -lATerm  '
META_STUDIO_PREFIX='/export/scratch1/kooiker/glt/asfsdf-meta/trunk/install/meta-studio'
META_STUDIO_TOOLBUSFLAGS=' -I/export/scratch1/kooiker/glt/asfsdf-meta/trunk/install/meta-studio/share/meta-studio'
PACKAGE='swixml-gui'
PACKAGE_BUGREPORT=''
PACKAGE_NAME=''
PACKAGE_STRING=''
PACKAGE_TARNAME=''
PACKAGE_VERSION=''
PATH_SEPARATOR=':'
PKG_CONFIG='/export/scratch1/kooiker/meta-autotools/current/bin/pkg-config'
SET_MAKE=''
SHELL='/bin/sh'
STRIP=''
TOOLBUSFLAGS='  -I/export/scratch1/kooiker/glt/asfsdf-meta/trunk/install/meta-studio/share/meta-studio '
TOOLBUS_JAVA_ADAPTER_CFLAGS=' '
TOOLBUS_JAVA_ADAPTER_INSTALLED_JARS=':/export/scratch1/kooiker/glt/asfsdf-meta/trunk/install/toolbus-java-adapter/share/toolbus-java-adapter.jar:/export/scratch1/kooiker/glt/asfsdf-meta/trunk/install/aterm-java/share/aterm-java.jar:/export/scratch1/kooiker/glt/asfsdf-meta/trunk/install/shared-objects/share/shared-objects.jar:/export/scratch1/kooiker/glt/asfsdf-meta/trunk/install/JJTraveler/share/jjtraveler.jar'
TOOLBUS_JAVA_ADAPTER_JARS=':/export/scratch1/kooiker/glt/asfsdf-meta/trunk/install/toolbus-java-adapter/share/toolbus-java-adapter.jar:/export/scratch1/kooiker/glt/asfsdf-meta/trunk/install/aterm-java/share/aterm-java.jar:/export/scratch1/kooiker/glt/asfsdf-meta/trunk/install/shared-objects/share/shared-objects.jar:/export/scratch1/kooiker/glt/asfsdf-meta/trunk/install/JJTraveler/share/jjtraveler.jar'
TOOLBUS_JAVA_ADAPTER_LIBS=' '
TOOLBUS_JAVA_ADAPTER_PREFIX='/export/scratch1/kooiker/glt/asfsdf-meta/trunk/install/toolbus-java-adapter'
TOOLBUS_JAVA_ADAPTER_TOOLBUSFLAGS=''
VERSION='1.0'
am__isrc=''
am__leading_dot='.'
am__tar='${AMTAR} chof - "$$tardir"'
am__untar='${AMTAR} xf -'
bindir='${exec_prefix}/bin'
build_alias=''
datadir='${datarootdir}'
datarootdir='${prefix}/share'
docdir='${datarootdir}/doc/${PACKAGE}'
dvidir='${docdir}'
exec_prefix='${prefix}'
host_alias=''
htmldir='${docdir}'
includedir='${prefix}/include'
infodir='${datarootdir}/info'
install_sh='$(SHELL) /export/scratch1/kooiker/glt/asfsdf-meta/trunk/build/swixml-gui/install-sh'
libdir='${exec_prefix}/lib'
libexecdir='${exec_prefix}/libexec'
localedir='${datarootdir}/locale'
localstatedir='${prefix}/var'
mandir='${datarootdir}/man'
mkdir_p='/bin/mkdir -p'
oldincludedir='/usr/include'
pdfdir='${docdir}'
prefix='/export/scratch1/kooiker/glt/asfsdf-meta/trunk/install/swixml-gui'
program_transform_name='s,x,x,'
psdir='${docdir}'
sbindir='${exec_prefix}/sbin'
sharedstatedir='${prefix}/com'
sysconfdir='${prefix}/etc'
target_alias=''

## ----------- ##
## confdefs.h. ##
## ----------- ##

#define PACKAGE_NAME ""
#define PACKAGE_TARNAME ""
#define PACKAGE_VERSION ""
#define PACKAGE_STRING ""
#define PACKAGE_BUGREPORT ""
#define PACKAGE "swixml-gui"
#define VERSION "1.0"

configure: exit 0
