This file contains any messages produced by compilers while
running configure, to aid debugging if configure makes a mistake.

configure:564: checking for a BSD compatible install
configure:617: checking whether build environment is sane
configure:674: checking whether make sets ${MAKE}
configure:720: checking for working aclocal
configure:733: checking for working autoconf
configure:746: checking for working automake
configure:759: checking for working autoheader
configure:772: checking for working makeinfo
configure:792: checking for gcc
configure:905: checking whether the C compiler (gcc  ) works
configure:921: gcc -o conftest    conftest.c  1>&5
configure:947: checking whether the C compiler (gcc  ) is a cross-compiler
configure:952: checking whether we are using GNU C
configure:980: checking whether gcc accepts -g
configure:1014: checking for gcc
configure:1127: checking whether the C compiler (gcc -g -O2 ) works
configure:1143: gcc -o conftest -g -O2   conftest.c  1>&5
configure:1169: checking whether the C compiler (gcc -g -O2 ) is a cross-compiler
configure:1174: checking whether we are using GNU C
configure:1202: checking whether gcc accepts -g
configure:1260: checking for baffle
configure:1322: checking for unparsePT
configure:1384: checking for unparsePT
configure:1439: checking for socket in -lsun
configure:1480: checking for socket in -lsocket
configure:1524: checking for gethostname in -lsun
configure:1565: checking for gethostname in -lnsl
configure:1612: checking for ranlib
configure:1642: checking for ar
configure:1681: checking whether make sets ${MAKE}
