This is TeX, C Version 3.0 (format=lplain 90.9.25)  19 JUN 1992 13:37
**&latex README
(README.tex
LaTeX Version 2.09 <7 Dec 1989>
(/usr/local/lib/tex/macros/article.sty
Document Style `article' <16 Mar 88>.
(/usr/local/lib/tex/macros/art11.sty)
\c@part=\count79
\c@section=\count80
\c@subsection=\count81
\c@subsubsection=\count82
\c@paragraph=\count83
\c@subparagraph=\count84
\c@figure=\count85
\c@table=\count86
) (/usr/local/lib/tex/macros/a4.sty)
(README.aux) [1

] [2] [3] (README.bbl) [4] (README.aux) ) 
Here is how much of TeX's memory you used:
 158 strings out of 4459
 1500 string characters out of 63183
 31278 words of memory out of 262141
 2104 multiletter control sequences out of 9500
 18996 words of font info for 72 fonts, out of 72000 for 255
 14 hyphenation exceptions out of 607
 13i,6n,15p,157b,236s stack positions out of 300i,40n,60p,3000b,4000s

Output written on README.dvi (4 pages, 10424 bytes).
