This file contains any messages produced by compilers while
running configure, to aid debugging if configure makes a mistake.

It was created by configure, which was
generated by GNU Autoconf 2.59.  Invocation command line was

  $ ./configure --prefix=/ufs/ali/metaNG --with-aterm-java=/ufs/ali/metaNG --with-config-support-java=/ufs/ali/metaNG --with-toolbus-java-adapter=/ufs/ali/metaNG --with-meta-studio=/ufs/ali/metaNG --with-vis-plugin=/ufs/ali/metaNG --with-tunit=/ufs/ali/metaNG --with-rstore-support-java=/ufs/ali/metaNG --with-cflags=-Wall -Werror -g -O2 --enable-maintainer-mode

## --------- ##
## Platform. ##
## --------- ##

hostname = poptang.sen.cwi.nl
uname -m = x86_64
uname -r = 2.6.23.15-137.fc8
uname -s = Linux
uname -v = #1 SMP Sun Feb 10 17:03:13 EST 2008

/usr/bin/uname -p = unknown
/bin/uname -X     = unknown

/bin/arch              = x86_64
/usr/bin/arch -k       = unknown
/usr/convex/getsysinfo = unknown
hostinfo               = unknown
/bin/machine           = unknown
/usr/bin/oslevel       = unknown
/bin/universe          = unknown

PATH: /ufs/ali/meta-build/install/bin/
PATH: /ufs/sen1/software/installed/sisyphus/linux/i386/bin/
PATH: /ufs/sen1/software/installed/java/linux/i386/jdk1.5.0_04/bin/
PATH: /usr/lib64/qt-3.3/bin
PATH: /usr/kerberos/bin
PATH: /usr/lib64/ccache
PATH: /cwi/bin
PATH: /usr/local/bin
PATH: /usr/bin
PATH: /bin
PATH: /sbin
PATH: /usr/sbin


## ----------- ##
## Core tests. ##
## ----------- ##

configure:1747: checking for a BSD-compatible install
configure:1802: result: /usr/bin/install -c
configure:1813: checking whether build environment is sane
configure:1856: result: yes
configure:1889: checking for gawk
configure:1905: found /usr/bin/gawk
configure:1915: result: gawk
configure:1925: checking whether make sets $(MAKE)
configure:1945: result: yes
configure:2011: checking for pkg-config
configure:2029: found /ufs/ali/meta-build/install/bin//pkg-config
configure:2041: result: /ufs/ali/meta-build/install/bin//pkg-config
configure:2056: checking pkg-config is at least version 0.9.0
configure:2059: result: yes
configure:2225: checking whether to enable maintainer-specific portions of Makefiles
configure:2234: result: yes
configure:2260: checking whether CFLAGS is set
configure:2268: result: no, setting to maintainer default (-Wall -Werror -g -O2)
configure:2286: checking if PKG_CONFIG_PATH needs to be extended for bundled packages
configure:2295: result: no
configure:2309: checking whether location of aterm-java is explicitly set using --with-aterm-java
configure:2313: result: yes
configure:2350: checking whether location of config-support-java is explicitly set using --with-config-support-java
configure:2354: result: yes
configure:2391: checking whether location of toolbus-java-adapter is explicitly set using --with-toolbus-java-adapter
configure:2395: result: yes
configure:2432: checking whether location of meta-studio is explicitly set using --with-meta-studio
configure:2436: result: yes
configure:2473: checking whether location of vis-plugin is explicitly set using --with-vis-plugin
configure:2477: result: yes
configure:2514: checking whether location of tunit is explicitly set using --with-tunit
configure:2518: result: yes
configure:2555: checking whether location of rstore-support-java is explicitly set using --with-rstore-support-java
configure:2559: result: yes
configure:2594: checking for ATERM_JAVA
configure:2602: $PKG_CONFIG --exists --print-errors "aterm-java"
configure:2605: $? = 0
configure:2620: $PKG_CONFIG --exists --print-errors "aterm-java"
configure:2623: $? = 0
configure:2699: result: yes
configure:2705: checking for CONFIG_SUPPORT_JAVA
configure:2713: $PKG_CONFIG --exists --print-errors "config-support-java"
configure:2716: $? = 0
configure:2731: $PKG_CONFIG --exists --print-errors "config-support-java"
configure:2734: $? = 0
configure:2810: result: yes
configure:2816: checking for TOOLBUS_JAVA_ADAPTER
configure:2824: $PKG_CONFIG --exists --print-errors "toolbus-java-adapter"
configure:2827: $? = 0
configure:2842: $PKG_CONFIG --exists --print-errors "toolbus-java-adapter"
configure:2845: $? = 0
configure:2921: result: yes
configure:2927: checking for META_STUDIO
configure:2935: $PKG_CONFIG --exists --print-errors "meta-studio"
configure:2938: $? = 0
configure:2953: $PKG_CONFIG --exists --print-errors "meta-studio"
configure:2956: $? = 0
configure:3032: result: yes
configure:3038: checking for VIS_PLUGIN
configure:3046: $PKG_CONFIG --exists --print-errors "vis-plugin"
configure:3049: $? = 0
configure:3064: $PKG_CONFIG --exists --print-errors "vis-plugin"
configure:3067: $? = 0
configure:3143: result: yes
configure:3149: checking for TUNIT
configure:3157: $PKG_CONFIG --exists --print-errors "tunit"
configure:3160: $? = 0
configure:3175: $PKG_CONFIG --exists --print-errors "tunit"
configure:3178: $? = 0
configure:3254: result: yes
configure:3260: checking for RSTORE_SUPPORT_JAVA
configure:3268: $PKG_CONFIG --exists --print-errors "rstore-support-java"
configure:3271: $? = 0
configure:3286: $PKG_CONFIG --exists --print-errors "rstore-support-java"
configure:3289: $? = 0
configure:3365: result: yes
configure:3372: checking prefix of package aterm-java
configure:3384: result: explicitly set: /ufs/ali/metaNG
configure:3387: checking if package aterm-java at this prefix equals the explicitly set package
configure:3398: result: yes
configure:3432: checking the transitive closure of dependencies of aterm-java
configure:3435: result: aterm-java shared-objects JJTraveler
configure:3457: checking if aterm-java provides jars
configure:3501: result: :/ufs/ali/metaNG/share/aterm-java.jar:/ufs/ali/metaNG/share/shared-objects.jar:/ufs/ali/metaNG/share/jjtraveler.jar
configure:3509: checking if aterm-java provides ToolBus flags
configure:3541: result: no
configure:3552: checking prefix of package config-support-java
configure:3564: result: explicitly set: /ufs/ali/metaNG
configure:3567: checking if package config-support-java at this prefix equals the explicitly set package
configure:3578: result: yes
configure:3612: checking the transitive closure of dependencies of config-support-java
configure:3615: result: config-support-java aterm-java shared-objects JJTraveler
configure:3637: checking if config-support-java provides jars
configure:3681: result: :/ufs/ali/metaNG/share/config-support-java.jar:/ufs/ali/metaNG/share/aterm-java.jar:/ufs/ali/metaNG/share/shared-objects.jar:/ufs/ali/metaNG/share/jjtraveler.jar
configure:3689: checking if config-support-java provides ToolBus flags
configure:3721: result: no
configure:3732: checking prefix of package toolbus-java-adapter
configure:3744: result: explicitly set: /ufs/ali/metaNG
configure:3747: checking if package toolbus-java-adapter at this prefix equals the explicitly set package
configure:3758: result: yes
configure:3792: checking the transitive closure of dependencies of toolbus-java-adapter
configure:3795: result: toolbus-java-adapter aterm-java shared-objects JJTraveler toolbus-ng
configure:3817: checking if toolbus-java-adapter provides jars
configure:3861: result: :/ufs/ali/metaNG/share/toolbus-java-adapter.jar:/ufs/ali/metaNG/share/aterm-java.jar:/ufs/ali/metaNG/share/shared-objects.jar:/ufs/ali/metaNG/share/jjtraveler.jar:/ufs/ali/metaNG/share/toolbus-ng.jar:/ufs/ali/metaNG/share/java-cup-11a.jar
configure:3869: checking if toolbus-java-adapter provides ToolBus flags
configure:3901: result: no
configure:3912: checking prefix of package meta-studio
configure:3924: result: explicitly set: /ufs/ali/metaNG
configure:3927: checking if package meta-studio at this prefix equals the explicitly set package
configure:3938: result: yes
configure:3972: checking the transitive closure of dependencies of meta-studio
configure:3975: result: meta-studio aterm-java shared-objects JJTraveler config-support-java toolbus-java-adapter toolbus-ng svg-support
configure:3997: checking if meta-studio provides jars
configure:4041: result: :/ufs/ali/metaNG/share/meta-studio.jar:/ufs/ali/metaNG/share/idw-gpl-1.5.0.jar:/ufs/ali/metaNG/share/aterm-java.jar:/ufs/ali/metaNG/share/shared-objects.jar:/ufs/ali/metaNG/share/jjtraveler.jar:/ufs/ali/metaNG/share/config-support-java.jar:/ufs/ali/metaNG/share/toolbus-java-adapter.jar:/ufs/ali/metaNG/share/toolbus-ng.jar:/ufs/ali/metaNG/share/java-cup-11a.jar:/ufs/ali/metaNG/share/svg-support/batik.jar
configure:4049: checking if meta-studio provides ToolBus flags
configure:4084: result: yes
configure:4092: checking prefix of package vis-plugin
configure:4104: result: explicitly set: /ufs/ali/metaNG
configure:4107: checking if package vis-plugin at this prefix equals the explicitly set package
configure:4118: result: yes
configure:4152: checking the transitive closure of dependencies of vis-plugin
configure:4155: result: vis-plugin aterm-java shared-objects JJTraveler config-support-java toolbus-java-adapter toolbus-ng meta-studio svg-support tunit rstore-support-java vis-base rstore-container
configure:4177: checking if vis-plugin provides jars
configure:4221: result: :/ufs/ali/metaNG/share/vis-plugin.jar:/ufs/ali/metaNG/share/jcommon-1.0.8.jar:/ufs/ali/metaNG/share/jfreechart-1.0.4.jar:/ufs/ali/metaNG/share/junit-4.1.jar:/ufs/ali/metaNG/share/prefuse.jar:/ufs/ali/metaNG/share/aterm-java.jar:/ufs/ali/metaNG/share/shared-objects.jar:/ufs/ali/metaNG/share/jjtraveler.jar:/ufs/ali/metaNG/share/config-support-java.jar:/ufs/ali/metaNG/share/toolbus-java-adapter.jar:/ufs/ali/metaNG/share/toolbus-ng.jar:/ufs/ali/metaNG/share/java-cup-11a.jar:/ufs/ali/metaNG/share/meta-studio.jar:/ufs/ali/metaNG/share/idw-gpl-1.5.0.jar:/ufs/ali/metaNG/share/svg-support/batik.jar:/ufs/ali/metaNG/share/tunit.jar:/ufs/ali/metaNG/share/tunit/junit.jar:/ufs/ali/metaNG/share/rstore-support-java.jar:/ufs/ali/metaNG/share/vis-base.jar:/ufs/ali/metaNG/share/log4j-1.2.14.jar:/ufs/ali/metaNG/share/junit-4.1.jar:/ufs/ali/metaNG/share/commons-logging-1.1.jar:/ufs/ali/metaNG/share/rstore-container.jar:/ufs/ali/metaNG/share/log4j-1.2.14.jar:/ufs/ali/metaNG/share/junit.jar:/ufs/ali/metaNG/share/commons-logging-1.1.jar
configure:4229: checking if vis-plugin provides ToolBus flags
configure:4264: result: yes
configure:4272: checking prefix of package tunit
configure:4284: result: explicitly set: /ufs/ali/metaNG
configure:4287: checking if package tunit at this prefix equals the explicitly set package
configure:4298: result: yes
configure:4332: checking the transitive closure of dependencies of tunit
configure:4335: result: tunit aterm-java shared-objects JJTraveler toolbus-java-adapter toolbus-ng
configure:4357: checking if tunit provides jars
configure:4401: result: :/ufs/ali/metaNG/share/tunit.jar:/ufs/ali/metaNG/share/tunit/junit.jar:/ufs/ali/metaNG/share/aterm-java.jar:/ufs/ali/metaNG/share/shared-objects.jar:/ufs/ali/metaNG/share/jjtraveler.jar:/ufs/ali/metaNG/share/toolbus-java-adapter.jar:/ufs/ali/metaNG/share/toolbus-ng.jar:/ufs/ali/metaNG/share/java-cup-11a.jar
configure:4409: checking if tunit provides ToolBus flags
configure:4441: result: no
configure:4452: checking prefix of package rstore-support-java
configure:4464: result: explicitly set: /ufs/ali/metaNG
configure:4467: checking if package rstore-support-java at this prefix equals the explicitly set package
configure:4478: result: yes
configure:4512: checking the transitive closure of dependencies of rstore-support-java
configure:4515: result: rstore-support-java aterm-java shared-objects JJTraveler
configure:4537: checking if rstore-support-java provides jars
configure:4581: result: :/ufs/ali/metaNG/share/rstore-support-java.jar:/ufs/ali/metaNG/share/aterm-java.jar:/ufs/ali/metaNG/share/shared-objects.jar:/ufs/ali/metaNG/share/jjtraveler.jar
configure:4589: checking if rstore-support-java provides ToolBus flags
configure:4621: result: no
configure:4988: checking build system type
configure:5006: result: x86_64-unknown-linux-gnu
configure:5014: checking host system type
configure:5028: result: x86_64-unknown-linux-gnu
configure:5048: checking for style of include used by make
configure:5076: result: GNU
configure:5147: checking for gcc
configure:5173: result: gcc -m32
configure:5417: checking for C compiler version
configure:5420: gcc -m32 --version </dev/null >&5
gcc (GCC) 4.1.2 20070925 (Red Hat 4.1.2-33)
Copyright (C) 2006 Free Software Foundation, Inc.
This is free software; see the source for copying conditions.  There is NO
warranty; not even for MERCHANTABILITY or FITNESS FOR A PARTICULAR PURPOSE.

configure:5423: $? = 0
configure:5425: gcc -m32 -v </dev/null >&5
Using built-in specs.
Target: x86_64-redhat-linux
Configured with: ../configure --prefix=/usr --mandir=/usr/share/man --infodir=/usr/share/info --enable-shared --enable-threads=posix --enable-checking=release --with-system-zlib --enable-__cxa_atexit --disable-libunwind-exceptions --enable-languages=c,c++,objc,obj-c++,java,fortran,ada --enable-java-awt=gtk --disable-dssi --enable-plugin --with-java-home=/usr/lib/jvm/java-1.5.0-gcj-1.5.0.0/jre --enable-libgcj-multifile --enable-java-maintainer-mode --with-ecj-jar=/usr/share/java/eclipse-ecj.jar --with-cpu=generic --host=x86_64-redhat-linux
Thread model: posix
gcc version 4.1.2 20070925 (Red Hat 4.1.2-33)
configure:5428: $? = 0
configure:5430: gcc -m32 -V </dev/null >&5
gcc: '-V' must come at the start of the command line
configure:5433: $? = 1
configure:5456: checking for C compiler default output file name
configure:5459: gcc -m32 -Wall -Werror -g -O2   conftest.c  >&5
configure:5462: $? = 0
configure:5508: result: a.out
configure:5513: checking whether the C compiler works
configure:5519: ./a.out
configure:5522: $? = 0
configure:5539: result: yes
configure:5546: checking whether we are cross compiling
configure:5548: result: no
configure:5551: checking for suffix of executables
configure:5553: gcc -m32 -o conftest -Wall -Werror -g -O2   conftest.c  >&5
configure:5556: $? = 0
configure:5581: result: 
configure:5587: checking for suffix of object files
configure:5608: gcc -m32 -c -Wall -Werror -g -O2  conftest.c >&5
configure:5611: $? = 0
configure:5633: result: o
configure:5637: checking whether we are using the GNU C compiler
configure:5661: gcc -m32 -c -Wall -Werror -g -O2  conftest.c >&5
configure:5667: $? = 0
configure:5671: test -z 
			 || test ! -s conftest.err
configure:5674: $? = 0
configure:5677: test -s conftest.o
configure:5680: $? = 0
configure:5693: result: yes
configure:5699: checking whether gcc -m32 accepts -g
configure:5720: gcc -m32 -c -g  conftest.c >&5
configure:5726: $? = 0
configure:5730: test -z 
			 || test ! -s conftest.err
configure:5733: $? = 0
configure:5736: test -s conftest.o
configure:5739: $? = 0
configure:5750: result: yes
configure:5767: checking for gcc -m32 option to accept ANSI C
configure:5837: gcc -m32  -c -Wall -Werror -g -O2  conftest.c >&5
configure:5843: $? = 0
configure:5847: test -z 
			 || test ! -s conftest.err
configure:5850: $? = 0
configure:5853: test -s conftest.o
configure:5856: $? = 0
configure:5874: result: none needed
configure:5892: gcc -m32 -c -Wall -Werror -g -O2  conftest.c >&5
conftest.c:2: error: expected '=', ',', ';', 'asm' or '__attribute__' before 'me'
configure:5898: $? = 1
configure: failed program was:
| #ifndef __cplusplus
|   choke me
| #endif
configure:6033: checking dependency style of gcc -m32
configure:6116: result: none
configure:6133: checking for a sed that does not truncate output
configure:6189: result: /bin/sed
configure:6192: checking for egrep
configure:6202: result: grep -E
configure:6218: checking for ld used by gcc -m32
configure:6285: result: /usr/bin/ld
configure:6294: checking if the linker (/usr/bin/ld) is GNU ld
configure:6309: result: yes
configure:6314: checking for /usr/bin/ld option to reload object files
configure:6321: result: -r
configure:6339: checking for BSD-compatible nm
configure:6388: result: /usr/bin/nm -B
configure:6392: checking whether ln -s works
configure:6396: result: yes
configure:6403: checking how to recognize dependent libraries
configure:6589: result: pass_all
configure:6678: gcc -m32 -c -Wall -Werror -g -O2  conftest.c >&5
configure:6681: $? = 0
configure:6833: checking how to run the C preprocessor
configure:6868: gcc -m32 -E  conftest.c
configure:6874: $? = 0
configure:6906: gcc -m32 -E  conftest.c
conftest.c:11:28: error: ac_nonexistent.h: No such file or directory
configure:6912: $? = 1
configure: failed program was:
| /* confdefs.h.  */
| 
| #define PACKAGE_NAME ""
| #define PACKAGE_TARNAME ""
| #define PACKAGE_VERSION ""
| #define PACKAGE_STRING ""
| #define PACKAGE_BUGREPORT ""
| #define PACKAGE "vis-plugin-graph"
| #define VERSION "1.1"
| /* end confdefs.h.  */
| #include <ac_nonexistent.h>
configure:6951: result: gcc -m32 -E
configure:6975: gcc -m32 -E  conftest.c
configure:6981: $? = 0
configure:7013: gcc -m32 -E  conftest.c
conftest.c:11:28: error: ac_nonexistent.h: No such file or directory
configure:7019: $? = 1
configure: failed program was:
| /* confdefs.h.  */
| 
| #define PACKAGE_NAME ""
| #define PACKAGE_TARNAME ""
| #define PACKAGE_VERSION ""
| #define PACKAGE_STRING ""
| #define PACKAGE_BUGREPORT ""
| #define PACKAGE "vis-plugin-graph"
| #define VERSION "1.1"
| /* end confdefs.h.  */
| #include <ac_nonexistent.h>
configure:7063: checking for ANSI C header files
configure:7088: gcc -m32 -c -Wall -Werror -g -O2  conftest.c >&5
configure:7094: $? = 0
configure:7098: test -z 
			 || test ! -s conftest.err
configure:7101: $? = 0
configure:7104: test -s conftest.o
configure:7107: $? = 0
configure:7196: gcc -m32 -o conftest -Wall -Werror -g -O2   conftest.c  >&5
cc1: warnings being treated as errors
conftest.c: In function 'main':
conftest.c:28: warning: implicit declaration of function 'exit'
conftest.c:28: warning: incompatible implicit declaration of built-in function 'exit'
configure:7199: $? = 1
configure: program exited with status 1
configure: failed program was:
| /* confdefs.h.  */
| 
| #define PACKAGE_NAME ""
| #define PACKAGE_TARNAME ""
| #define PACKAGE_VERSION ""
| #define PACKAGE_STRING ""
| #define PACKAGE_BUGREPORT ""
| #define PACKAGE "vis-plugin-graph"
| #define VERSION "1.1"
| /* end confdefs.h.  */
| #include <ctype.h>
| #if ((' ' & 0x0FF) == 0x020)
| # define ISLOWER(c) ('a' <= (c) && (c) <= 'z')
| # define TOUPPER(c) (ISLOWER(c) ? 'A' + ((c) - 'a') : (c))
| #else
| # define ISLOWER(c) 		   (('a' <= (c) && (c) <= 'i') 		     || ('j' <= (c) && (c) <= 'r') 		     || ('s' <= (c) && (c) <= 'z'))
| # define TOUPPER(c) (ISLOWER(c) ? ((c) | 0x40) : (c))
| #endif
| 
| #define XOR(e, f) (((e) && !(f)) || (!(e) && (f)))
| int
| main ()
| {
|   int i;
|   for (i = 0; i < 256; i++)
|     if (XOR (islower (i), ISLOWER (i))
| 	|| toupper (i) != TOUPPER (i))
|       exit(2);
|   exit (0);
| }
configure:7219: result: no
configure:7243: checking for sys/types.h
configure:7259: gcc -m32 -c -Wall -Werror -g -O2  conftest.c >&5
configure:7265: $? = 0
configure:7269: test -z 
			 || test ! -s conftest.err
configure:7272: $? = 0
configure:7275: test -s conftest.o
configure:7278: $? = 0
configure:7289: result: yes
configure:7243: checking for sys/stat.h
configure:7259: gcc -m32 -c -Wall -Werror -g -O2  conftest.c >&5
configure:7265: $? = 0
configure:7269: test -z 
			 || test ! -s conftest.err
configure:7272: $? = 0
configure:7275: test -s conftest.o
configure:7278: $? = 0
configure:7289: result: yes
configure:7243: checking for stdlib.h
configure:7259: gcc -m32 -c -Wall -Werror -g -O2  conftest.c >&5
configure:7265: $? = 0
configure:7269: test -z 
			 || test ! -s conftest.err
configure:7272: $? = 0
configure:7275: test -s conftest.o
configure:7278: $? = 0
configure:7289: result: yes
configure:7243: checking for string.h
configure:7259: gcc -m32 -c -Wall -Werror -g -O2  conftest.c >&5
configure:7265: $? = 0
configure:7269: test -z 
			 || test ! -s conftest.err
configure:7272: $? = 0
configure:7275: test -s conftest.o
configure:7278: $? = 0
configure:7289: result: yes
configure:7243: checking for memory.h
configure:7259: gcc -m32 -c -Wall -Werror -g -O2  conftest.c >&5
configure:7265: $? = 0
configure:7269: test -z 
			 || test ! -s conftest.err
configure:7272: $? = 0
configure:7275: test -s conftest.o
configure:7278: $? = 0
configure:7289: result: yes
configure:7243: checking for strings.h
configure:7259: gcc -m32 -c -Wall -Werror -g -O2  conftest.c >&5
configure:7265: $? = 0
configure:7269: test -z 
			 || test ! -s conftest.err
configure:7272: $? = 0
configure:7275: test -s conftest.o
configure:7278: $? = 0
configure:7289: result: yes
configure:7243: checking for inttypes.h
configure:7259: gcc -m32 -c -Wall -Werror -g -O2  conftest.c >&5
configure:7265: $? = 0
configure:7269: test -z 
			 || test ! -s conftest.err
configure:7272: $? = 0
configure:7275: test -s conftest.o
configure:7278: $? = 0
configure:7289: result: yes
configure:7243: checking for stdint.h
configure:7259: gcc -m32 -c -Wall -Werror -g -O2  conftest.c >&5
configure:7265: $? = 0
configure:7269: test -z 
			 || test ! -s conftest.err
configure:7272: $? = 0
configure:7275: test -s conftest.o
configure:7278: $? = 0
configure:7289: result: yes
configure:7243: checking for unistd.h
configure:7259: gcc -m32 -c -Wall -Werror -g -O2  conftest.c >&5
configure:7265: $? = 0
configure:7269: test -z 
			 || test ! -s conftest.err
configure:7272: $? = 0
configure:7275: test -s conftest.o
configure:7278: $? = 0
configure:7289: result: yes
configure:7315: checking dlfcn.h usability
configure:7327: gcc -m32 -c -Wall -Werror -g -O2  conftest.c >&5
configure:7333: $? = 0
configure:7337: test -z 
			 || test ! -s conftest.err
configure:7340: $? = 0
configure:7343: test -s conftest.o
configure:7346: $? = 0
configure:7356: result: yes
configure:7360: checking dlfcn.h presence
configure:7370: gcc -m32 -E  conftest.c
configure:7376: $? = 0
configure:7396: result: yes
configure:7431: checking for dlfcn.h
configure:7438: result: yes
configure:7503: checking for g++
configure:7519: found /usr/lib64/ccache/g++
configure:7529: result: g++
configure:7545: checking for C++ compiler version
configure:7548: g++ --version </dev/null >&5
g++ (GCC) 4.1.2 20070925 (Red Hat 4.1.2-33)
Copyright (C) 2006 Free Software Foundation, Inc.
This is free software; see the source for copying conditions.  There is NO
warranty; not even for MERCHANTABILITY or FITNESS FOR A PARTICULAR PURPOSE.

configure:7551: $? = 0
configure:7553: g++ -v </dev/null >&5
Using built-in specs.
Target: x86_64-redhat-linux
Configured with: ../configure --prefix=/usr --mandir=/usr/share/man --infodir=/usr/share/info --enable-shared --enable-threads=posix --enable-checking=release --with-system-zlib --enable-__cxa_atexit --disable-libunwind-exceptions --enable-languages=c,c++,objc,obj-c++,java,fortran,ada --enable-java-awt=gtk --disable-dssi --enable-plugin --with-java-home=/usr/lib/jvm/java-1.5.0-gcj-1.5.0.0/jre --enable-libgcj-multifile --enable-java-maintainer-mode --with-ecj-jar=/usr/share/java/eclipse-ecj.jar --with-cpu=generic --host=x86_64-redhat-linux
Thread model: posix
gcc version 4.1.2 20070925 (Red Hat 4.1.2-33)
configure:7556: $? = 0
configure:7558: g++ -V </dev/null >&5
g++: '-V' option must have argument
configure:7561: $? = 1
configure:7564: checking whether we are using the GNU C++ compiler
configure:7588: g++ -c   conftest.cc >&5
configure:7594: $? = 0
configure:7598: test -z 
			 || test ! -s conftest.err
configure:7601: $? = 0
configure:7604: test -s conftest.o
configure:7607: $? = 0
configure:7620: result: yes
configure:7626: checking whether g++ accepts -g
configure:7647: g++ -c -g  conftest.cc >&5
configure:7653: $? = 0
configure:7657: test -z 
			 || test ! -s conftest.err
configure:7660: $? = 0
configure:7663: test -s conftest.o
configure:7666: $? = 0
configure:7677: result: yes
configure:7719: g++ -c -g -O2  conftest.cc >&5
configure:7725: $? = 0
configure:7729: test -z 
			 || test ! -s conftest.err
configure:7732: $? = 0
configure:7735: test -s conftest.o
configure:7738: $? = 0
configure:7764: g++ -c -g -O2  conftest.cc >&5
conftest.cc: In function 'int main()':
conftest.cc:25: error: 'exit' was not declared in this scope
configure:7770: $? = 1
configure: failed program was:
| /* confdefs.h.  */
| 
| #define PACKAGE_NAME ""
| #define PACKAGE_TARNAME ""
| #define PACKAGE_VERSION ""
| #define PACKAGE_STRING ""
| #define PACKAGE_BUGREPORT ""
| #define PACKAGE "vis-plugin-graph"
| #define VERSION "1.1"
| #define HAVE_SYS_TYPES_H 1
| #define HAVE_SYS_STAT_H 1
| #define HAVE_STDLIB_H 1
| #define HAVE_STRING_H 1
| #define HAVE_MEMORY_H 1
| #define HAVE_STRINGS_H 1
| #define HAVE_INTTYPES_H 1
| #define HAVE_STDINT_H 1
| #define HAVE_UNISTD_H 1
| #define HAVE_DLFCN_H 1
| /* end confdefs.h.  */
| 
| int
| main ()
| {
| exit (42);
|   ;
|   return 0;
| }
configure:7719: g++ -c -g -O2  conftest.cc >&5
configure:7725: $? = 0
configure:7729: test -z 
			 || test ! -s conftest.err
configure:7732: $? = 0
configure:7735: test -s conftest.o
configure:7738: $? = 0
configure:7764: g++ -c -g -O2  conftest.cc >&5
configure:7770: $? = 0
configure:7774: test -z 
			 || test ! -s conftest.err
configure:7777: $? = 0
configure:7780: test -s conftest.o
configure:7783: $? = 0
configure:7808: checking dependency style of g++
configure:7891: result: none
configure:7918: checking how to run the C++ preprocessor
configure:7949: g++ -E  conftest.cc
configure:7955: $? = 0
configure:7987: g++ -E  conftest.cc
conftest.cc:24:28: error: ac_nonexistent.h: No such file or directory
configure:7993: $? = 1
configure: failed program was:
| /* confdefs.h.  */
| 
| #define PACKAGE_NAME ""
| #define PACKAGE_TARNAME ""
| #define PACKAGE_VERSION ""
| #define PACKAGE_STRING ""
| #define PACKAGE_BUGREPORT ""
| #define PACKAGE "vis-plugin-graph"
| #define VERSION "1.1"
| #define HAVE_SYS_TYPES_H 1
| #define HAVE_SYS_STAT_H 1
| #define HAVE_STDLIB_H 1
| #define HAVE_STRING_H 1
| #define HAVE_MEMORY_H 1
| #define HAVE_STRINGS_H 1
| #define HAVE_INTTYPES_H 1
| #define HAVE_STDINT_H 1
| #define HAVE_UNISTD_H 1
| #define HAVE_DLFCN_H 1
| #ifdef __cplusplus
| extern "C" void std::exit (int) throw (); using std::exit;
| #endif
| /* end confdefs.h.  */
| #include <ac_nonexistent.h>
configure:8032: result: g++ -E
configure:8056: g++ -E  conftest.cc
configure:8062: $? = 0
configure:8094: g++ -E  conftest.cc
conftest.cc:24:28: error: ac_nonexistent.h: No such file or directory
configure:8100: $? = 1
configure: failed program was:
| /* confdefs.h.  */
| 
| #define PACKAGE_NAME ""
| #define PACKAGE_TARNAME ""
| #define PACKAGE_VERSION ""
| #define PACKAGE_STRING ""
| #define PACKAGE_BUGREPORT ""
| #define PACKAGE "vis-plugin-graph"
| #define VERSION "1.1"
| #define HAVE_SYS_TYPES_H 1
| #define HAVE_SYS_STAT_H 1
| #define HAVE_STDLIB_H 1
| #define HAVE_STRING_H 1
| #define HAVE_MEMORY_H 1
| #define HAVE_STRINGS_H 1
| #define HAVE_INTTYPES_H 1
| #define HAVE_STDINT_H 1
| #define HAVE_UNISTD_H 1
| #define HAVE_DLFCN_H 1
| #ifdef __cplusplus
| extern "C" void std::exit (int) throw (); using std::exit;
| #endif
| /* end confdefs.h.  */
| #include <ac_nonexistent.h>
configure:8197: checking for g77
configure:8213: found /usr/bin/g77
configure:8223: result: g77
configure:8238: checking for Fortran 77 compiler version
configure:8241: g77 --version </dev/null >&5
GNU Fortran (GCC) 3.4.6 20060404 (Red Hat 3.4.6-8)
Copyright (C) 2006 Free Software Foundation, Inc.

GNU Fortran comes with NO WARRANTY, to the extent permitted by law.
You may redistribute copies of GNU Fortran
under the terms of the GNU General Public License.
For more information about these matters, see the file named COPYING
or type the command `info -f g77 Copying'.
configure:8244: $? = 0
configure:8246: g77 -v </dev/null >&5
Reading specs from /usr/lib/gcc/x86_64-redhat-linux/3.4.6/specs
Configured with: ../configure --prefix=/usr --mandir=/usr/share/man --infodir=/usr/share/info --enable-shared --enable-threads=posix --disable-checking --with-system-zlib --enable-__cxa_atexit --disable-libunwind-exceptions --enable-languages=c,c++,f77 --disable-libgcj --host=x86_64-redhat-linux
Thread model: posix
gcc version 3.4.6 20060404 (Red Hat 3.4.6-8)
configure:8249: $? = 0
configure:8251: g77 -V </dev/null >&5
g77: `-V' option must have argument
configure:8254: $? = 1
configure:8262: checking whether we are using the GNU Fortran 77 compiler
configure:8276: g77 -c  conftest.F >&5
configure:8282: $? = 0
configure:8286: test -z 
			 || test ! -s conftest.err
configure:8289: $? = 0
configure:8292: test -s conftest.o
configure:8295: $? = 0
configure:8308: result: yes
configure:8314: checking whether g77 accepts -g
configure:8326: g77 -c -g conftest.f >&5
configure:8332: $? = 0
configure:8336: test -z 
			 || test ! -s conftest.err
configure:8339: $? = 0
configure:8342: test -s conftest.o
configure:8345: $? = 0
configure:8357: result: yes
configure:8387: checking the maximum length of command line arguments
configure:8499: result: 98304
configure:8511: checking command to parse /usr/bin/nm -B output from gcc -m32 object
configure:8616: gcc -m32 -c -Wall -Werror -g -O2  conftest.c >&5
configure:8619: $? = 0
configure:8623: /usr/bin/nm -B conftest.o \| sed -n -e 's/^.*[ 	]\([ABCDGIRSTW][ABCDGIRSTW]*\)[ 	][ 	]*\([_A-Za-z][_A-Za-z0-9]*\)$/\1 \2 \2/p' \> conftest.nm
configure:8626: $? = 0
configure:8678: gcc -m32 -o conftest -Wall -Werror -g -O2   conftest.c conftstm.o >&5
configure:8681: $? = 0
configure:8719: result: ok
configure:8723: checking for objdir
configure:8738: result: .libs
configure:8828: checking for ar
configure:8844: found /usr/bin/ar
configure:8855: result: ar
configure:8908: checking for ranlib
configure:8924: found /usr/bin/ranlib
configure:8935: result: ranlib
configure:8988: checking for strip
configure:9004: found /usr/bin/strip
configure:9015: result: strip
configure:9287: checking if gcc -m32 supports -fno-rtti -fno-exceptions
configure:9305: gcc -m32 -c -Wall -Werror -g -O2  -fno-rtti -fno-exceptions conftest.c >&5
cc1: warnings being treated as errors
cc1: warning: command line option "-fno-rtti" is valid for C++/ObjC++ but not for C
configure:9309: $? = 1
configure:9322: result: no
configure:9337: checking for gcc -m32 option to produce PIC
configure:9569: result: -fPIC
configure:9577: checking if gcc -m32 PIC flag -fPIC works
configure:9595: gcc -m32 -c -Wall -Werror -g -O2  -fPIC -DPIC conftest.c >&5
configure:9599: $? = 0
configure:9612: result: yes
configure:9640: checking if gcc -m32 static flag -static works
configure:9668: result: yes
configure:9678: checking if gcc -m32 supports -c -o file.o
configure:9699: gcc -m32 -c -Wall -Werror -g -O2  -o out/conftest2.o conftest.c >&5
configure:9703: $? = 0
configure:9725: result: yes
configure:9751: checking whether the gcc -m32 linker (/usr/bin/ld -m elf_i386) supports shared libraries
configure:10735: result: yes
configure:10756: checking whether -lc should be explicitly linked in
configure:10761: gcc -m32 -c -Wall -Werror -g -O2  conftest.c >&5
configure:10764: $? = 0
configure:10779: gcc -m32 -shared conftest.o  -v -Wl,-soname -Wl,conftest -o conftest 2\>\&1 \| grep  -lc  \>/dev/null 2\>\&1
configure:10782: $? = 0
configure:10794: result: no
configure:10802: checking dynamic linker characteristics
configure:11404: result: GNU/Linux ld.so
configure:11413: checking how to hardcode library paths into programs
configure:11438: result: immediate
configure:11452: checking whether stripping libraries is possible
configure:11457: result: yes
configure:12292: checking if libtool supports shared libraries
configure:12294: result: yes
configure:12297: checking whether to build shared libraries
configure:12318: result: yes
configure:12321: checking whether to build static libraries
configure:12325: result: yes
configure:12418: creating libtool
configure:13006: checking for ld used by g++
configure:13073: result: /usr/bin/ld -m elf_i386
configure:13082: checking if the linker (/usr/bin/ld -m elf_i386) is GNU ld
configure:13097: result: yes
configure:13148: checking whether the g++ linker (/usr/bin/ld -m elf_i386) supports shared libraries
configure:14126: result: yes
configure:14144: g++ -c -g -O2  conftest.cpp >&5
configure:14147: $? = 0
configure:14299: checking for g++ option to produce PIC
configure:14583: result: -fPIC
configure:14591: checking if g++ PIC flag -fPIC works
configure:14609: g++ -c -g -O2  -fPIC -DPIC conftest.cpp >&5
configure:14613: $? = 0
configure:14626: result: yes
configure:14654: checking if g++ static flag -static works
configure:14682: result: yes
configure:14692: checking if g++ supports -c -o file.o
configure:14713: g++ -c -g -O2  -o out/conftest2.o conftest.cpp >&5
configure:14717: $? = 0
configure:14739: result: yes
configure:14765: checking whether the g++ linker (/usr/bin/ld -m elf_i386) supports shared libraries
configure:14790: result: yes
configure:14857: checking dynamic linker characteristics
configure:15407: result: GNU/Linux ld.so
configure:15416: checking how to hardcode library paths into programs
configure:15441: result: immediate
configure:15975: checking if libtool supports shared libraries
configure:15977: result: yes
configure:15980: checking whether to build shared libraries
configure:16000: result: yes
configure:16003: checking whether to build static libraries
configure:16007: result: yes
configure:16017: checking for g77 option to produce PIC
configure:16249: result: -fPIC
configure:16257: checking if g77 PIC flag -fPIC works
configure:16275: g77 -c -g -O2 -fPIC conftest.f >&5
configure:16279: $? = 0
configure:16292: result: yes
configure:16320: checking if g77 static flag -static works
configure:16348: result: yes
configure:16358: checking if g77 supports -c -o file.o
configure:16379: g77 -c -g -O2 -o out/conftest2.o conftest.f >&5
configure:16383: $? = 0
configure:16405: result: yes
configure:16431: checking whether the g77 linker (/usr/bin/ld -m elf_i386) supports shared libraries
configure:17395: result: yes
configure:17462: checking dynamic linker characteristics
configure:18012: result: GNU/Linux ld.so
configure:18021: checking how to hardcode library paths into programs
configure:18046: result: immediate
configure:21783: creating ./config.status

## ---------------------- ##
## Running config.status. ##
## ---------------------- ##

This file was extended by config.status, which was
generated by GNU Autoconf 2.59.  Invocation command line was

  CONFIG_FILES    = 
  CONFIG_HEADERS  = 
  CONFIG_LINKS    = 
  CONFIG_COMMANDS = 
  $ ./config.status 

on poptang.sen.cwi.nl

config.status:766: creating vis-plugin-graph.pc
config.status:766: creating ./lib/Makefile
config.status:766: creating ./tbscript/Makefile
config.status:766: creating ./Makefile
config.status:956: executing depfiles commands

## ---------------- ##
## Cache variables. ##
## ---------------- ##

ac_cv_build=x86_64-unknown-linux-gnu
ac_cv_build_alias=x86_64-unknown-linux-gnu
ac_cv_c_compiler_gnu=yes
ac_cv_cxx_compiler_gnu=yes
ac_cv_env_ATERM_JAVA_CFLAGS_set=
ac_cv_env_ATERM_JAVA_CFLAGS_value=
ac_cv_env_ATERM_JAVA_LIBS_set=
ac_cv_env_ATERM_JAVA_LIBS_value=
ac_cv_env_ATERM_JAVA_PREFIX_set=
ac_cv_env_ATERM_JAVA_PREFIX_value=
ac_cv_env_CC_set=set
ac_cv_env_CC_value='gcc -m32'
ac_cv_env_CFLAGS_set=
ac_cv_env_CFLAGS_value=
ac_cv_env_CONFIG_SUPPORT_JAVA_CFLAGS_set=
ac_cv_env_CONFIG_SUPPORT_JAVA_CFLAGS_value=
ac_cv_env_CONFIG_SUPPORT_JAVA_LIBS_set=
ac_cv_env_CONFIG_SUPPORT_JAVA_LIBS_value=
ac_cv_env_CONFIG_SUPPORT_JAVA_PREFIX_set=
ac_cv_env_CONFIG_SUPPORT_JAVA_PREFIX_value=
ac_cv_env_CPPFLAGS_set=
ac_cv_env_CPPFLAGS_value=
ac_cv_env_CPP_set=
ac_cv_env_CPP_value=
ac_cv_env_CXXCPP_set=
ac_cv_env_CXXCPP_value=
ac_cv_env_CXXFLAGS_set=
ac_cv_env_CXXFLAGS_value=
ac_cv_env_CXX_set=
ac_cv_env_CXX_value=
ac_cv_env_F77_set=
ac_cv_env_F77_value=
ac_cv_env_FFLAGS_set=
ac_cv_env_FFLAGS_value=
ac_cv_env_LDFLAGS_set=
ac_cv_env_LDFLAGS_value=
ac_cv_env_META_STUDIO_CFLAGS_set=
ac_cv_env_META_STUDIO_CFLAGS_value=
ac_cv_env_META_STUDIO_LIBS_set=
ac_cv_env_META_STUDIO_LIBS_value=
ac_cv_env_META_STUDIO_PREFIX_set=
ac_cv_env_META_STUDIO_PREFIX_value=
ac_cv_env_PKG_CONFIG_set=
ac_cv_env_PKG_CONFIG_value=
ac_cv_env_RSTORE_SUPPORT_JAVA_CFLAGS_set=
ac_cv_env_RSTORE_SUPPORT_JAVA_CFLAGS_value=
ac_cv_env_RSTORE_SUPPORT_JAVA_LIBS_set=
ac_cv_env_RSTORE_SUPPORT_JAVA_LIBS_value=
ac_cv_env_RSTORE_SUPPORT_JAVA_PREFIX_set=
ac_cv_env_RSTORE_SUPPORT_JAVA_PREFIX_value=
ac_cv_env_TOOLBUS_JAVA_ADAPTER_CFLAGS_set=
ac_cv_env_TOOLBUS_JAVA_ADAPTER_CFLAGS_value=
ac_cv_env_TOOLBUS_JAVA_ADAPTER_LIBS_set=
ac_cv_env_TOOLBUS_JAVA_ADAPTER_LIBS_value=
ac_cv_env_TOOLBUS_JAVA_ADAPTER_PREFIX_set=
ac_cv_env_TOOLBUS_JAVA_ADAPTER_PREFIX_value=
ac_cv_env_TUNIT_CFLAGS_set=
ac_cv_env_TUNIT_CFLAGS_value=
ac_cv_env_TUNIT_LIBS_set=
ac_cv_env_TUNIT_LIBS_value=
ac_cv_env_TUNIT_PREFIX_set=
ac_cv_env_TUNIT_PREFIX_value=
ac_cv_env_VIS_PLUGIN_CFLAGS_set=
ac_cv_env_VIS_PLUGIN_CFLAGS_value=
ac_cv_env_VIS_PLUGIN_LIBS_set=
ac_cv_env_VIS_PLUGIN_LIBS_value=
ac_cv_env_VIS_PLUGIN_PREFIX_set=
ac_cv_env_VIS_PLUGIN_PREFIX_value=
ac_cv_env_build_alias_set=
ac_cv_env_build_alias_value=
ac_cv_env_host_alias_set=
ac_cv_env_host_alias_value=
ac_cv_env_target_alias_set=
ac_cv_env_target_alias_value=
ac_cv_exeext=
ac_cv_f77_compiler_gnu=yes
ac_cv_header_dlfcn_h=yes
ac_cv_header_inttypes_h=yes
ac_cv_header_memory_h=yes
ac_cv_header_stdc=no
ac_cv_header_stdint_h=yes
ac_cv_header_stdlib_h=yes
ac_cv_header_string_h=yes
ac_cv_header_strings_h=yes
ac_cv_header_sys_stat_h=yes
ac_cv_header_sys_types_h=yes
ac_cv_header_unistd_h=yes
ac_cv_host=x86_64-unknown-linux-gnu
ac_cv_host_alias=x86_64-unknown-linux-gnu
ac_cv_objext=o
ac_cv_path_ac_pt_PKG_CONFIG=/ufs/ali/meta-build/install/bin//pkg-config
ac_cv_path_install='/usr/bin/install -c'
ac_cv_prog_AWK=gawk
ac_cv_prog_CPP='gcc -m32 -E'
ac_cv_prog_CXXCPP='g++ -E'
ac_cv_prog_ac_ct_AR=ar
ac_cv_prog_ac_ct_CC='gcc -m32'
ac_cv_prog_ac_ct_CXX=g++
ac_cv_prog_ac_ct_F77=g77
ac_cv_prog_ac_ct_RANLIB=ranlib
ac_cv_prog_ac_ct_STRIP=strip
ac_cv_prog_cc_g=yes
ac_cv_prog_cc_stdc=
ac_cv_prog_cxx_g=yes
ac_cv_prog_egrep='grep -E'
ac_cv_prog_f77_g=yes
ac_cv_prog_make_make_set=yes
am_cv_CC_dependencies_compiler_type=none
am_cv_CXX_dependencies_compiler_type=none
lt_cv_deplibs_check_method=pass_all
lt_cv_file_magic_cmd='$MAGIC_CMD'
lt_cv_file_magic_test_file=
lt_cv_ld_reload_flag=-r
lt_cv_objdir=.libs
lt_cv_path_LD=/usr/bin/ld
lt_cv_path_LDCXX='/usr/bin/ld -m elf_i386'
lt_cv_path_NM='/usr/bin/nm -B'
lt_cv_path_SED=/bin/sed
lt_cv_prog_compiler_c_o=yes
lt_cv_prog_compiler_c_o_CXX=yes
lt_cv_prog_compiler_c_o_F77=yes
lt_cv_prog_compiler_rtti_exceptions=no
lt_cv_prog_gnu_ld=yes
lt_cv_prog_gnu_ldcxx=yes
lt_cv_sys_global_symbol_pipe='sed -n -e '\''s/^.*[ 	]\([ABCDGIRSTW][ABCDGIRSTW]*\)[ 	][ 	]*\([_A-Za-z][_A-Za-z0-9]*\)$/\1 \2 \2/p'\'''
lt_cv_sys_global_symbol_to_c_name_address='sed -n -e '\''s/^: \([^ ]*\) $/  {\"\1\", (lt_ptr) 0},/p'\'' -e '\''s/^[BCDEGRST] \([^ ]*\) \([^ ]*\)$/  {"\2", (lt_ptr) \&\2},/p'\'''
lt_cv_sys_global_symbol_to_cdecl='sed -n -e '\''s/^. .* \(.*\)$/extern int \1;/p'\'''
lt_cv_sys_max_cmd_len=98304
lt_lt_cv_prog_compiler_c_o='"yes"'
lt_lt_cv_prog_compiler_c_o_CXX='"yes"'
lt_lt_cv_prog_compiler_c_o_F77='"yes"'
lt_lt_cv_sys_global_symbol_pipe='"sed -n -e '\''s/^.*[ 	]\\([ABCDGIRSTW][ABCDGIRSTW]*\\)[ 	][ 	]*\\([_A-Za-z][_A-Za-z0-9]*\\)\$/\\1 \\2 \\2/p'\''"'
lt_lt_cv_sys_global_symbol_to_c_name_address='"sed -n -e '\''s/^: \\([^ ]*\\) \$/  {\\\"\\1\\\", (lt_ptr) 0},/p'\'' -e '\''s/^[BCDEGRST] \\([^ ]*\\) \\([^ ]*\\)\$/  {\"\\2\", (lt_ptr) \\&\\2},/p'\''"'
lt_lt_cv_sys_global_symbol_to_cdecl='"sed -n -e '\''s/^. .* \\(.*\\)\$/extern int \\1;/p'\''"'
pkg_cv_ATERM_JAVA_CFLAGS=' '
pkg_cv_ATERM_JAVA_LIBS=' '
pkg_cv_CONFIG_SUPPORT_JAVA_CFLAGS=' '
pkg_cv_CONFIG_SUPPORT_JAVA_LIBS=' '
pkg_cv_META_STUDIO_CFLAGS=' '
pkg_cv_META_STUDIO_LIBS=' '
pkg_cv_RSTORE_SUPPORT_JAVA_CFLAGS=' '
pkg_cv_RSTORE_SUPPORT_JAVA_LIBS=' '
pkg_cv_TOOLBUS_JAVA_ADAPTER_CFLAGS=' '
pkg_cv_TOOLBUS_JAVA_ADAPTER_LIBS=' '
pkg_cv_TUNIT_CFLAGS=' '
pkg_cv_TUNIT_LIBS=' '
pkg_cv_VIS_PLUGIN_CFLAGS=' '
pkg_cv_VIS_PLUGIN_LIBS=' '

## ----------------- ##
## Output variables. ##
## ----------------- ##

ACLOCAL='${SHELL} /ufs/ali/mNG/vis-plugin-graph/missing --run aclocal-1.7'
AMDEPBACKSLASH='\'
AMDEP_FALSE='#'
AMDEP_TRUE=''
AMTAR='${SHELL} /ufs/ali/mNG/vis-plugin-graph/missing --run tar'
AR='ar'
ATERM_JAVA_CFLAGS=' '
ATERM_JAVA_INSTALLED_JARS=':/ufs/ali/metaNG/share/aterm-java.jar:/ufs/ali/metaNG/share/shared-objects.jar:/ufs/ali/metaNG/share/jjtraveler.jar'
ATERM_JAVA_JARS=':/ufs/ali/metaNG/share/aterm-java.jar:/ufs/ali/metaNG/share/shared-objects.jar:/ufs/ali/metaNG/share/jjtraveler.jar'
ATERM_JAVA_LIBS=' '
ATERM_JAVA_PREFIX='/ufs/ali/metaNG'
ATERM_JAVA_TOOLBUSFLAGS=''
AUTOCONF='${SHELL} /ufs/ali/mNG/vis-plugin-graph/missing --run autoconf'
AUTOHEADER='${SHELL} /ufs/ali/mNG/vis-plugin-graph/missing --run autoheader'
AUTOMAKE='${SHELL} /ufs/ali/mNG/vis-plugin-graph/missing --run automake-1.7'
AWK='gawk'
CC='gcc -m32'
CCDEPMODE='depmode=none'
CFLAGS='-Wall -Werror -g -O2'
CONFIG_SUPPORT_JAVA_CFLAGS=' '
CONFIG_SUPPORT_JAVA_INSTALLED_JARS=':/ufs/ali/metaNG/share/config-support-java.jar:/ufs/ali/metaNG/share/aterm-java.jar:/ufs/ali/metaNG/share/shared-objects.jar:/ufs/ali/metaNG/share/jjtraveler.jar'
CONFIG_SUPPORT_JAVA_JARS=':/ufs/ali/metaNG/share/config-support-java.jar:/ufs/ali/metaNG/share/aterm-java.jar:/ufs/ali/metaNG/share/shared-objects.jar:/ufs/ali/metaNG/share/jjtraveler.jar'
CONFIG_SUPPORT_JAVA_LIBS=' '
CONFIG_SUPPORT_JAVA_PREFIX='/ufs/ali/metaNG'
CONFIG_SUPPORT_JAVA_TOOLBUSFLAGS=''
CPP='gcc -m32 -E'
CPPFLAGS=''
CXX='g++'
CXXCPP='g++ -E'
CXXDEPMODE='depmode=none'
CXXFLAGS='-g -O2'
CYGPATH_W='echo'
DEFS='-DPACKAGE_NAME=\"\" -DPACKAGE_TARNAME=\"\" -DPACKAGE_VERSION=\"\" -DPACKAGE_STRING=\"\" -DPACKAGE_BUGREPORT=\"\" -DPACKAGE=\"vis-plugin-graph\" -DVERSION=\"1.1\" -DHAVE_SYS_TYPES_H=1 -DHAVE_SYS_STAT_H=1 -DHAVE_STDLIB_H=1 -DHAVE_STRING_H=1 -DHAVE_MEMORY_H=1 -DHAVE_STRINGS_H=1 -DHAVE_INTTYPES_H=1 -DHAVE_STDINT_H=1 -DHAVE_UNISTD_H=1 -DHAVE_DLFCN_H=1 '
DEPDIR='.deps'
DISABLE_FALSE=''
DISABLE_TRUE='#'
ECHO='echo'
ECHO_C=''
ECHO_N='-n'
ECHO_T=''
ECLIPSE_PREFIX=''
EGREP='grep -E'
EXEEXT=''
EXTERNAL_INSTALLED_JARS=':/ufs/ali/metaNG/share/aterm-java.jar:/ufs/ali/metaNG/share/shared-objects.jar:/ufs/ali/metaNG/share/jjtraveler.jar:/ufs/ali/metaNG/share/config-support-java.jar:/ufs/ali/metaNG/share/toolbus-java-adapter.jar:/ufs/ali/metaNG/share/toolbus-ng.jar:/ufs/ali/metaNG/share/java-cup-11a.jar:/ufs/ali/metaNG/share/meta-studio.jar:/ufs/ali/metaNG/share/idw-gpl-1.5.0.jar:/ufs/ali/metaNG/share/svg-support/batik.jar:/ufs/ali/metaNG/share/vis-plugin.jar:/ufs/ali/metaNG/share/jcommon-1.0.8.jar:/ufs/ali/metaNG/share/jfreechart-1.0.4.jar:/ufs/ali/metaNG/share/junit-4.1.jar:/ufs/ali/metaNG/share/prefuse.jar:/ufs/ali/metaNG/share/tunit.jar:/ufs/ali/metaNG/share/tunit/junit.jar:/ufs/ali/metaNG/share/rstore-support-java.jar:/ufs/ali/metaNG/share/vis-base.jar:/ufs/ali/metaNG/share/log4j-1.2.14.jar:/ufs/ali/metaNG/share/junit-4.1.jar:/ufs/ali/metaNG/share/commons-logging-1.1.jar:/ufs/ali/metaNG/share/rstore-container.jar:/ufs/ali/metaNG/share/log4j-1.2.14.jar:/ufs/ali/metaNG/share/junit.jar:/ufs/ali/metaNG/share/commons-logging-1.1.jar'
EXTERNAL_JARS=' :/ufs/ali/metaNG/share/aterm-java.jar:/ufs/ali/metaNG/share/shared-objects.jar:/ufs/ali/metaNG/share/jjtraveler.jar:/ufs/ali/metaNG/share/config-support-java.jar:/ufs/ali/metaNG/share/toolbus-java-adapter.jar:/ufs/ali/metaNG/share/toolbus-ng.jar:/ufs/ali/metaNG/share/java-cup-11a.jar:/ufs/ali/metaNG/share/meta-studio.jar:/ufs/ali/metaNG/share/idw-gpl-1.5.0.jar:/ufs/ali/metaNG/share/svg-support/batik.jar:/ufs/ali/metaNG/share/vis-plugin.jar:/ufs/ali/metaNG/share/jcommon-1.0.8.jar:/ufs/ali/metaNG/share/jfreechart-1.0.4.jar:/ufs/ali/metaNG/share/junit-4.1.jar:/ufs/ali/metaNG/share/prefuse.jar:/ufs/ali/metaNG/share/tunit.jar:/ufs/ali/metaNG/share/tunit/junit.jar:/ufs/ali/metaNG/share/rstore-support-java.jar:/ufs/ali/metaNG/share/vis-base.jar:/ufs/ali/metaNG/share/log4j-1.2.14.jar:/ufs/ali/metaNG/share/junit-4.1.jar:/ufs/ali/metaNG/share/commons-logging-1.1.jar:/ufs/ali/metaNG/share/rstore-container.jar:/ufs/ali/metaNG/share/log4j-1.2.14.jar:/ufs/ali/metaNG/share/junit.jar:/ufs/ali/metaNG/share/commons-logging-1.1.jar'
F77='g77'
FFLAGS='-g -O2'
INSTALL_DATA='${INSTALL} -m 644'
INSTALL_PROGRAM='${INSTALL}'
INSTALL_SCRIPT='${INSTALL}'
INSTALL_STRIP_PROGRAM='${SHELL} $(install_sh) -c -s'
JAVA='java'
JAVA_JAR='vis-plugin-graph.jar'
JAVA_LOCAL_JARS='lib/jcommon-1.0.8.jar:lib/junit-4.1.jar:lib/prefuse.jar'
JAVA_MAIN_CLASS='nl.cwi.sen1.visplugin.PluginLoader'
JAVA_PACKAGES='nl.cwi.sen1.gui.plugin.prefusedot,nl.cwi.sen1.visplugin.graphplugin,nl.cwi.sen1.visplugin.treeplugin'
JAVA_TEST_CLASS=''
LDFLAGS=''
LIBOBJS=''
LIBS=''
LIBTOOL='$(SHELL) $(top_builddir)/libtool'
LN_S='ln -s'
LTLIBOBJS=''
MAINT=''
MAINTAINER_MODE_FALSE='#'
MAINTAINER_MODE_TRUE=''
MAKEINFO='${SHELL} /ufs/ali/mNG/vis-plugin-graph/missing --run makeinfo'
META_STUDIO_CFLAGS=' '
META_STUDIO_INSTALLED_JARS=':/ufs/ali/metaNG/share/meta-studio.jar:/ufs/ali/metaNG/share/idw-gpl-1.5.0.jar:/ufs/ali/metaNG/share/aterm-java.jar:/ufs/ali/metaNG/share/shared-objects.jar:/ufs/ali/metaNG/share/jjtraveler.jar:/ufs/ali/metaNG/share/config-support-java.jar:/ufs/ali/metaNG/share/toolbus-java-adapter.jar:/ufs/ali/metaNG/share/toolbus-ng.jar:/ufs/ali/metaNG/share/java-cup-11a.jar:/ufs/ali/metaNG/share/svg-support/batik.jar'
META_STUDIO_JARS=':/ufs/ali/metaNG/share/meta-studio.jar:/ufs/ali/metaNG/share/idw-gpl-1.5.0.jar:/ufs/ali/metaNG/share/aterm-java.jar:/ufs/ali/metaNG/share/shared-objects.jar:/ufs/ali/metaNG/share/jjtraveler.jar:/ufs/ali/metaNG/share/config-support-java.jar:/ufs/ali/metaNG/share/toolbus-java-adapter.jar:/ufs/ali/metaNG/share/toolbus-ng.jar:/ufs/ali/metaNG/share/java-cup-11a.jar:/ufs/ali/metaNG/share/svg-support/batik.jar'
META_STUDIO_LIBS=' '
META_STUDIO_PREFIX='/ufs/ali/metaNG'
META_STUDIO_TOOLBUSFLAGS=' -I/ufs/ali/metaNG/share/meta-studio'
OBJEXT='o'
PACKAGE='vis-plugin-graph'
PACKAGE_BUGREPORT=''
PACKAGE_NAME=''
PACKAGE_STRING=''
PACKAGE_TARNAME=''
PACKAGE_VERSION=''
PATH_SEPARATOR=':'
PKG_CONFIG='/ufs/ali/meta-build/install/bin//pkg-config'
RANLIB='ranlib'
RSTORE_SUPPORT_JAVA_CFLAGS=' '
RSTORE_SUPPORT_JAVA_INSTALLED_JARS=':/ufs/ali/metaNG/share/rstore-support-java.jar:/ufs/ali/metaNG/share/aterm-java.jar:/ufs/ali/metaNG/share/shared-objects.jar:/ufs/ali/metaNG/share/jjtraveler.jar'
RSTORE_SUPPORT_JAVA_JARS=':/ufs/ali/metaNG/share/rstore-support-java.jar:/ufs/ali/metaNG/share/aterm-java.jar:/ufs/ali/metaNG/share/shared-objects.jar:/ufs/ali/metaNG/share/jjtraveler.jar'
RSTORE_SUPPORT_JAVA_LIBS=' '
RSTORE_SUPPORT_JAVA_PREFIX='/ufs/ali/metaNG'
RSTORE_SUPPORT_JAVA_TOOLBUSFLAGS=''
SED='/bin/sed'
SET_MAKE=''
SHELL='/bin/sh'
STRIP='strip'
TOOLBUSFLAGS='  -I/ufs/ali/metaNG/share/meta-studio  -I/ufs/ali/metaNG/share/vis-plugin  -I/ufs/ali/metaNG/share/vis-base  -I/ufs/ali/metaNG/share/rstore-container '
TOOLBUS_JAVA_ADAPTER_CFLAGS=' '
TOOLBUS_JAVA_ADAPTER_INSTALLED_JARS=':/ufs/ali/metaNG/share/toolbus-java-adapter.jar:/ufs/ali/metaNG/share/aterm-java.jar:/ufs/ali/metaNG/share/shared-objects.jar:/ufs/ali/metaNG/share/jjtraveler.jar:/ufs/ali/metaNG/share/toolbus-ng.jar:/ufs/ali/metaNG/share/java-cup-11a.jar'
TOOLBUS_JAVA_ADAPTER_JARS=':/ufs/ali/metaNG/share/toolbus-java-adapter.jar:/ufs/ali/metaNG/share/aterm-java.jar:/ufs/ali/metaNG/share/shared-objects.jar:/ufs/ali/metaNG/share/jjtraveler.jar:/ufs/ali/metaNG/share/toolbus-ng.jar:/ufs/ali/metaNG/share/java-cup-11a.jar'
TOOLBUS_JAVA_ADAPTER_LIBS=' '
TOOLBUS_JAVA_ADAPTER_PREFIX='/ufs/ali/metaNG'
TOOLBUS_JAVA_ADAPTER_TOOLBUSFLAGS=''
TUNIT_CFLAGS=' '
TUNIT_INSTALLED_JARS=':/ufs/ali/metaNG/share/tunit.jar:/ufs/ali/metaNG/share/tunit/junit.jar:/ufs/ali/metaNG/share/aterm-java.jar:/ufs/ali/metaNG/share/shared-objects.jar:/ufs/ali/metaNG/share/jjtraveler.jar:/ufs/ali/metaNG/share/toolbus-java-adapter.jar:/ufs/ali/metaNG/share/toolbus-ng.jar:/ufs/ali/metaNG/share/java-cup-11a.jar'
TUNIT_JARS=':/ufs/ali/metaNG/share/tunit.jar:/ufs/ali/metaNG/share/tunit/junit.jar:/ufs/ali/metaNG/share/aterm-java.jar:/ufs/ali/metaNG/share/shared-objects.jar:/ufs/ali/metaNG/share/jjtraveler.jar:/ufs/ali/metaNG/share/toolbus-java-adapter.jar:/ufs/ali/metaNG/share/toolbus-ng.jar:/ufs/ali/metaNG/share/java-cup-11a.jar'
TUNIT_LIBS=' '
TUNIT_PREFIX='/ufs/ali/metaNG'
TUNIT_TOOLBUSFLAGS=''
VERSION='1.1'
VIS_PLUGIN_CFLAGS=' '
VIS_PLUGIN_INSTALLED_JARS=':/ufs/ali/metaNG/share/vis-plugin.jar:/ufs/ali/metaNG/share/jcommon-1.0.8.jar:/ufs/ali/metaNG/share/jfreechart-1.0.4.jar:/ufs/ali/metaNG/share/junit-4.1.jar:/ufs/ali/metaNG/share/prefuse.jar:/ufs/ali/metaNG/share/aterm-java.jar:/ufs/ali/metaNG/share/shared-objects.jar:/ufs/ali/metaNG/share/jjtraveler.jar:/ufs/ali/metaNG/share/config-support-java.jar:/ufs/ali/metaNG/share/toolbus-java-adapter.jar:/ufs/ali/metaNG/share/toolbus-ng.jar:/ufs/ali/metaNG/share/java-cup-11a.jar:/ufs/ali/metaNG/share/meta-studio.jar:/ufs/ali/metaNG/share/idw-gpl-1.5.0.jar:/ufs/ali/metaNG/share/svg-support/batik.jar:/ufs/ali/metaNG/share/tunit.jar:/ufs/ali/metaNG/share/tunit/junit.jar:/ufs/ali/metaNG/share/rstore-support-java.jar:/ufs/ali/metaNG/share/vis-base.jar:/ufs/ali/metaNG/share/log4j-1.2.14.jar:/ufs/ali/metaNG/share/junit-4.1.jar:/ufs/ali/metaNG/share/commons-logging-1.1.jar:/ufs/ali/metaNG/share/rstore-container.jar:/ufs/ali/metaNG/share/log4j-1.2.14.jar:/ufs/ali/metaNG/share/junit.jar:/ufs/ali/metaNG/share/commons-logging-1.1.jar'
VIS_PLUGIN_JARS=':/ufs/ali/metaNG/share/vis-plugin.jar:/ufs/ali/metaNG/share/jcommon-1.0.8.jar:/ufs/ali/metaNG/share/jfreechart-1.0.4.jar:/ufs/ali/metaNG/share/junit-4.1.jar:/ufs/ali/metaNG/share/prefuse.jar:/ufs/ali/metaNG/share/aterm-java.jar:/ufs/ali/metaNG/share/shared-objects.jar:/ufs/ali/metaNG/share/jjtraveler.jar:/ufs/ali/metaNG/share/config-support-java.jar:/ufs/ali/metaNG/share/toolbus-java-adapter.jar:/ufs/ali/metaNG/share/toolbus-ng.jar:/ufs/ali/metaNG/share/java-cup-11a.jar:/ufs/ali/metaNG/share/meta-studio.jar:/ufs/ali/metaNG/share/idw-gpl-1.5.0.jar:/ufs/ali/metaNG/share/svg-support/batik.jar:/ufs/ali/metaNG/share/tunit.jar:/ufs/ali/metaNG/share/tunit/junit.jar:/ufs/ali/metaNG/share/rstore-support-java.jar:/ufs/ali/metaNG/share/vis-base.jar:/ufs/ali/metaNG/share/log4j-1.2.14.jar:/ufs/ali/metaNG/share/junit-4.1.jar:/ufs/ali/metaNG/share/commons-logging-1.1.jar:/ufs/ali/metaNG/share/rstore-container.jar:/ufs/ali/metaNG/share/log4j-1.2.14.jar:/ufs/ali/metaNG/share/junit.jar:/ufs/ali/metaNG/share/commons-logging-1.1.jar'
VIS_PLUGIN_LIBS=' '
VIS_PLUGIN_PREFIX='/ufs/ali/metaNG'
VIS_PLUGIN_TOOLBUSFLAGS=' -I/ufs/ali/metaNG/share/vis-plugin -I/ufs/ali/metaNG/share/meta-studio -I/ufs/ali/metaNG/share/vis-base -I/ufs/ali/metaNG/share/rstore-container'
ac_ct_AR='ar'
ac_ct_CC='gcc -m32'
ac_ct_CXX='g++'
ac_ct_F77='g77'
ac_ct_RANLIB='ranlib'
ac_ct_STRIP='strip'
ac_pt_PKG_CONFIG='/ufs/ali/meta-build/install/bin//pkg-config'
am__fastdepCC_FALSE=''
am__fastdepCC_TRUE='#'
am__fastdepCXX_FALSE=''
am__fastdepCXX_TRUE='#'
am__include='include'
am__leading_dot='.'
am__quote=''
bindir='${exec_prefix}/bin'
build='x86_64-unknown-linux-gnu'
build_alias=''
build_cpu='x86_64'
build_os='linux-gnu'
build_vendor='unknown'
datadir='${prefix}/share'
exec_prefix='${prefix}'
host='x86_64-unknown-linux-gnu'
host_alias=''
host_cpu='x86_64'
host_os='linux-gnu'
host_vendor='unknown'
includedir='${prefix}/include'
infodir='${prefix}/info'
install_sh='/ufs/ali/mNG/vis-plugin-graph/install-sh'
libdir='${exec_prefix}/lib'
libexecdir='${exec_prefix}/libexec'
localstatedir='${prefix}/var'
mandir='${prefix}/man'
oldincludedir='/usr/include'
prefix='/ufs/ali/metaNG'
program_transform_name='s,x,x,'
sbindir='${exec_prefix}/sbin'
sharedstatedir='${prefix}/com'
sysconfdir='${prefix}/etc'
target_alias=''

## ----------- ##
## confdefs.h. ##
## ----------- ##

#define HAVE_DLFCN_H 1
#define HAVE_INTTYPES_H 1
#define HAVE_MEMORY_H 1
#define HAVE_STDINT_H 1
#define HAVE_STDLIB_H 1
#define HAVE_STRINGS_H 1
#define HAVE_STRING_H 1
#define HAVE_SYS_STAT_H 1
#define HAVE_SYS_TYPES_H 1
#define HAVE_UNISTD_H 1
#define PACKAGE "vis-plugin-graph"
#define PACKAGE_BUGREPORT ""
#define PACKAGE_NAME ""
#define PACKAGE_STRING ""
#define PACKAGE_TARNAME ""
#define PACKAGE_VERSION ""
#define VERSION "1.1"
#endif
#ifdef __cplusplus
extern "C" void std::exit (int) throw (); using std::exit;

configure: exit 0
