This file contains any messages produced by compilers while
running configure, to aid debugging if configure makes a mistake.

It was created by configure, which was
generated by GNU Autoconf 2.59.  Invocation command line was

  $ ./configure --prefix=/root/meta-old/installed --with-aterm-java=/root/meta-old/installed --with-config-support=/root/meta-old/installed --with-error-support=/root/meta-old/installed --with-meta-studio=/root/meta-old/installed --with-toolbus-java-adapter=/root/meta-old/installed --enable-maintainer-mode

## --------- ##
## Platform. ##
## --------- ##

hostname = localhost
uname -m = i686
uname -r = 2.6.20-gentoo
uname -s = Linux
uname -v = #4 SMP Sat Mar 3 16:58:48 CET 2007

/usr/bin/uname -p = Intel(R) Pentium(R) M processor 1.86GHz
/bin/uname -X     = unknown

/bin/arch              = i686
/usr/bin/arch -k       = unknown
/usr/convex/getsysinfo = unknown
hostinfo               = unknown
/bin/machine           = unknown
/usr/bin/oslevel       = unknown
/bin/universe          = unknown

PATH: /home/buildtools/bin
PATH: /root/meta-environment/installed/bin
PATH: /usr/local/sbin
PATH: /usr/local/bin
PATH: /usr/sbin
PATH: /usr/bin
PATH: /sbin
PATH: /bin
PATH: /opt/bin
PATH: /usr/i686-pc-linux-gnu/gcc-bin/4.1.1
PATH: /usr/i686-pc-linux-gnu/gcc-bin/4.1.1
PATH: /opt/blackdown-jdk-1.4.2.03/bin
PATH: /opt/blackdown-jdk-1.4.2.03/jre/bin
PATH: /usr/kde/3.5/sbin
PATH: /usr/kde/3.5/bin
PATH: /usr/qt/3/bin


## ----------- ##
## Core tests. ##
## ----------- ##

configure:1746: checking for a BSD-compatible install
configure:1801: result: /usr/bin/install -c
configure:1812: checking whether build environment is sane
configure:1855: result: yes
configure:1920: checking for gawk
configure:1936: found /usr/bin/gawk
configure:1946: result: gawk
configure:1956: checking whether make sets $(MAKE)
configure:1976: result: yes
configure:2042: checking for pkg-config
configure:2060: found /home/buildtools/bin/pkg-config
configure:2072: result: /home/buildtools/bin/pkg-config
configure:2087: checking pkg-config is at least version 0.9.0
configure:2090: result: yes
configure:2260: checking whether to enable maintainer-specific portions of Makefiles
configure:2269: result: yes
configure:2295: checking whether CFLAGS is set
configure:2303: result: no, setting to maintainer default (-Wall -Werror -g -O2)
configure:2321: checking if PKG_CONFIG_PATH needs to be extended for bundled packages
configure:2330: result: no
configure:2344: checking whether location of aterm-java is explicitly set using --with-aterm-java
configure:2348: result: yes
configure:2385: checking whether location of config-support is explicitly set using --with-config-support
configure:2389: result: yes
configure:2426: checking whether location of toolbus is explicitly set using --with-toolbus
configure:2457: result: no
configure:2467: checking whether location of toolbus-java-adapter is explicitly set using --with-toolbus-java-adapter
configure:2471: result: yes
configure:2508: checking whether location of meta-studio is explicitly set using --with-meta-studio
configure:2512: result: yes
configure:2549: checking whether location of rstore-container is explicitly set using --with-rstore-container
configure:2580: result: no
configure:2590: checking whether location of tunit is explicitly set using --with-tunit
configure:2621: result: no
configure:2629: checking for ATERM_JAVA
configure:2637: $PKG_CONFIG --exists --print-errors "aterm-java"
configure:2640: $? = 0
configure:2655: $PKG_CONFIG --exists --print-errors "aterm-java"
configure:2658: $? = 0
configure:2734: result: yes
configure:2740: checking for CONFIG_SUPPORT
configure:2748: $PKG_CONFIG --exists --print-errors "config-support"
configure:2751: $? = 0
configure:2766: $PKG_CONFIG --exists --print-errors "config-support"
configure:2769: $? = 0
configure:2845: result: yes
configure:2851: checking for TOOLBUS
configure:2859: $PKG_CONFIG --exists --print-errors "toolbus"
configure:2862: $? = 0
configure:2877: $PKG_CONFIG --exists --print-errors "toolbus"
configure:2880: $? = 0
configure:2956: result: yes
configure:2962: checking for TOOLBUS_JAVA_ADAPTER
configure:2970: $PKG_CONFIG --exists --print-errors "toolbus-java-adapter"
configure:2973: $? = 0
configure:2988: $PKG_CONFIG --exists --print-errors "toolbus-java-adapter"
configure:2991: $? = 0
configure:3067: result: yes
configure:3073: checking for META_STUDIO
configure:3081: $PKG_CONFIG --exists --print-errors "meta-studio"
configure:3084: $? = 0
configure:3099: $PKG_CONFIG --exists --print-errors "meta-studio"
configure:3102: $? = 0
configure:3178: result: yes
configure:3184: checking for RSTORE_CONTAINER
configure:3192: $PKG_CONFIG --exists --print-errors "rstore-container"
configure:3195: $? = 0
configure:3210: $PKG_CONFIG --exists --print-errors "rstore-container"
configure:3213: $? = 0
configure:3289: result: yes
configure:3295: checking for TUNIT
configure:3303: $PKG_CONFIG --exists --print-errors "tunit"
configure:3306: $? = 0
configure:3321: $PKG_CONFIG --exists --print-errors "tunit"
configure:3324: $? = 0
configure:3400: result: yes
configure:3407: checking prefix of package aterm-java
configure:3419: result: explicitly set: /root/meta-old/installed
configure:3422: checking if package aterm-java at this prefix equals the explicitly set package
configure:3433: result: yes
configure:3467: checking the transitive closure of dependencies of aterm-java
configure:3470: result: aterm-java shared-objects JJTraveler
configure:3474: checking if aterm-java provides jars
configure:3518: result: :/root/meta-old/installed/share/aterm-java.jar:/root/meta-old/installed/share/shared-objects.jar:/root/meta-old/installed/share/jjtraveler.jar
configure:3526: checking if aterm-java provides ToolBus flags
configure:3558: result: no
configure:3569: checking prefix of package config-support
configure:3581: result: explicitly set: /root/meta-old/installed
configure:3584: checking if package config-support at this prefix equals the explicitly set package
configure:3595: result: yes
configure:3629: checking the transitive closure of dependencies of config-support
configure:3632: result: config-support aterm
configure:3636: checking if config-support provides jars
configure:3680: result: :/root/meta-old/installed/share/configapi.jar
configure:3688: checking if config-support provides ToolBus flags
configure:3720: result: no
configure:3731: checking prefix of package toolbus
configure:3781: result: /root/meta-old/installed
configure:3791: checking the transitive closure of dependencies of toolbus
configure:3794: result: toolbus aterm toolbuslib
configure:3798: checking if toolbus provides jars
configure:3839: result: no
configure:3850: checking if toolbus provides ToolBus flags
configure:3882: result: no
configure:3893: checking prefix of package toolbus-java-adapter
configure:3905: result: explicitly set: /root/meta-old/installed
configure:3908: checking if package toolbus-java-adapter at this prefix equals the explicitly set package
configure:3919: result: yes
configure:3953: checking the transitive closure of dependencies of toolbus-java-adapter
configure:3956: result: toolbus-java-adapter aterm-java shared-objects JJTraveler
configure:3960: checking if toolbus-java-adapter provides jars
configure:4004: result: :/root/meta-old/installed/share/toolbus-java-adapter.jar:/root/meta-old/installed/share/aterm-java.jar:/root/meta-old/installed/share/shared-objects.jar:/root/meta-old/installed/share/jjtraveler.jar
configure:4012: checking if toolbus-java-adapter provides ToolBus flags
configure:4044: result: no
configure:4055: checking prefix of package meta-studio
configure:4067: result: explicitly set: /root/meta-old/installed
configure:4070: checking if package meta-studio at this prefix equals the explicitly set package
configure:4081: result: yes
configure:4115: checking the transitive closure of dependencies of meta-studio
configure:4118: result: meta-studio aterm-java shared-objects JJTraveler config-support aterm toolbus toolbuslib toolbus-java-adapter
configure:4122: checking if meta-studio provides jars
configure:4166: result: :/root/meta-old/installed/share/meta-studio.jar:/root/meta-old/installed/share/idw-gpl-1.4.0.jar:/root/meta-old/installed/share/aterm-java.jar:/root/meta-old/installed/share/shared-objects.jar:/root/meta-old/installed/share/jjtraveler.jar:/root/meta-old/installed/share/configapi.jar:/root/meta-old/installed/share/toolbus-java-adapter.jar
configure:4174: checking if meta-studio provides ToolBus flags
configure:4209: result: yes
configure:4217: checking prefix of package rstore-container
configure:4267: result: /root/meta-old/installed
configure:4277: checking the transitive closure of dependencies of rstore-container
configure:4280: result: rstore-container aterm-java shared-objects JJTraveler config-support aterm toolbus toolbuslib toolbus-java-adapter meta-studio tunit
configure:4284: checking if rstore-container provides jars
configure:4328: result: :/root/meta-old/installed/share/rstore-container.jar:/root/meta-old/installed/share/log4j-1.2.14.jar:/root/meta-old/installed/share/junit.jar:/root/meta-old/installed/share/commons-logging-1.1.jar:/root/meta-old/installed/share/relationstores.jar:/root/meta-old/installed/share/aterm-java.jar:/root/meta-old/installed/share/shared-objects.jar:/root/meta-old/installed/share/jjtraveler.jar:/root/meta-old/installed/share/configapi.jar:/root/meta-old/installed/share/toolbus-java-adapter.jar:/root/meta-old/installed/share/meta-studio.jar:/root/meta-old/installed/share/idw-gpl-1.4.0.jar:/root/meta-old/installed/share/tunit.jar:/root/meta-old/installed/share/tunit/junit.jar
configure:4336: checking if rstore-container provides ToolBus flags
configure:4371: result: yes
configure:4379: checking prefix of package tunit
configure:4429: result: /root/meta-old/installed
configure:4439: checking the transitive closure of dependencies of tunit
configure:4442: result: tunit aterm-java shared-objects JJTraveler toolbus-java-adapter
configure:4446: checking if tunit provides jars
configure:4490: result: :/root/meta-old/installed/share/tunit.jar:/root/meta-old/installed/share/tunit/junit.jar:/root/meta-old/installed/share/aterm-java.jar:/root/meta-old/installed/share/shared-objects.jar:/root/meta-old/installed/share/jjtraveler.jar:/root/meta-old/installed/share/toolbus-java-adapter.jar
configure:4498: checking if tunit provides ToolBus flags
configure:4530: result: no
configure:4643: checking build system type
configure:4661: result: i686-pc-linux-gnu
configure:4669: checking host system type
configure:4683: result: i686-pc-linux-gnu
configure:4703: checking for style of include used by make
configure:4731: result: GNU
configure:4802: checking for gcc
configure:4818: found /usr/bin/gcc
configure:4828: result: gcc
configure:5072: checking for C compiler version
configure:5075: gcc --version </dev/null >&5
gcc (GCC) 3.4.6 (Gentoo 3.4.6-r2, ssp-3.4.6-1.0, pie-8.7.10)
Copyright (C) 2006 Free Software Foundation, Inc.
This is free software; see the source for copying conditions.  There is NO
warranty; not even for MERCHANTABILITY or FITNESS FOR A PARTICULAR PURPOSE.

configure:5078: $? = 0
configure:5080: gcc -v </dev/null >&5
Reading specs from /usr/lib/gcc/i686-pc-linux-gnu/3.4.6/specs
Configured with: /var/tmp/portage/sys-devel/gcc-3.4.6-r2/work/gcc-3.4.6/configure --prefix=/usr --bindir=/usr/i686-pc-linux-gnu/gcc-bin/3.4.6 --includedir=/usr/lib/gcc/i686-pc-linux-gnu/3.4.6/include --datadir=/usr/share/gcc-data/i686-pc-linux-gnu/3.4.6 --mandir=/usr/share/gcc-data/i686-pc-linux-gnu/3.4.6/man --infodir=/usr/share/gcc-data/i686-pc-linux-gnu/3.4.6/info --with-gxx-include-dir=/usr/lib/gcc/i686-pc-linux-gnu/3.4.6/include/g++-v3 --host=i686-pc-linux-gnu --build=i686-pc-linux-gnu --disable-altivec --enable-nls --without-included-gettext --with-system-zlib --disable-checking --disable-werror --enable-secureplt --disable-libunwind-exceptions --disable-multilib --disable-libgcj --enable-languages=c,c++,f77 --enable-shared --enable-threads=posix --enable-__cxa_atexit --enable-clocale=gnu
Thread model: posix
gcc version 3.4.6 (Gentoo 3.4.6-r2, ssp-3.4.6-1.0, pie-8.7.10)
configure:5083: $? = 0
configure:5085: gcc -V </dev/null >&5
gcc: `-V' option must have argument
configure:5088: $? = 1
configure:5111: checking for C compiler default output file name
configure:5114: gcc -Wall -Werror -g -O2   conftest.c  >&5
configure:5117: $? = 0
configure:5163: result: a.out
configure:5168: checking whether the C compiler works
configure:5174: ./a.out
configure:5177: $? = 0
configure:5194: result: yes
configure:5201: checking whether we are cross compiling
configure:5203: result: no
configure:5206: checking for suffix of executables
configure:5208: gcc -o conftest -Wall -Werror -g -O2   conftest.c  >&5
configure:5211: $? = 0
configure:5236: result: 
configure:5242: checking for suffix of object files
configure:5263: gcc -c -Wall -Werror -g -O2  conftest.c >&5
configure:5266: $? = 0
configure:5288: result: o
configure:5292: checking whether we are using the GNU C compiler
configure:5316: gcc -c -Wall -Werror -g -O2  conftest.c >&5
configure:5322: $? = 0
configure:5326: test -z 
			 || test ! -s conftest.err
configure:5329: $? = 0
configure:5332: test -s conftest.o
configure:5335: $? = 0
configure:5348: result: yes
configure:5354: checking whether gcc accepts -g
configure:5375: gcc -c -g  conftest.c >&5
configure:5381: $? = 0
configure:5385: test -z 
			 || test ! -s conftest.err
configure:5388: $? = 0
configure:5391: test -s conftest.o
configure:5394: $? = 0
configure:5405: result: yes
configure:5422: checking for gcc option to accept ANSI C
configure:5492: gcc  -c -Wall -Werror -g -O2  conftest.c >&5
configure:5498: $? = 0
configure:5502: test -z 
			 || test ! -s conftest.err
configure:5505: $? = 0
configure:5508: test -s conftest.o
configure:5511: $? = 0
configure:5529: result: none needed
configure:5547: gcc -c -Wall -Werror -g -O2  conftest.c >&5
conftest.c:2: error: syntax error before "me"
configure:5553: $? = 1
configure: failed program was:
| #ifndef __cplusplus
|   choke me
| #endif
configure:5688: checking dependency style of gcc
configure:5778: result: none
configure:5795: checking for a sed that does not truncate output
configure:5849: result: /bin/sed
configure:5852: checking for egrep
configure:5862: result: grep -E
configure:5878: checking for ld used by gcc
configure:5945: result: /usr/i686-pc-linux-gnu/bin/ld
configure:5954: checking if the linker (/usr/i686-pc-linux-gnu/bin/ld) is GNU ld
configure:5969: result: yes
configure:5974: checking for /usr/i686-pc-linux-gnu/bin/ld option to reload object files
configure:5981: result: -r
configure:5999: checking for BSD-compatible nm
configure:6048: result: /usr/bin/nm -B
configure:6052: checking whether ln -s works
configure:6056: result: yes
configure:6063: checking how to recognise dependent libraries
configure:6239: result: pass_all
configure:6476: checking how to run the C preprocessor
configure:6511: gcc -E  conftest.c
configure:6517: $? = 0
configure:6549: gcc -E  conftest.c
conftest.c:11:28: ac_nonexistent.h: No such file or directory
configure:6555: $? = 1
configure: failed program was:
| /* confdefs.h.  */
| 
| #define PACKAGE_NAME ""
| #define PACKAGE_TARNAME ""
| #define PACKAGE_VERSION ""
| #define PACKAGE_STRING ""
| #define PACKAGE_BUGREPORT ""
| #define PACKAGE "vis-base"
| #define VERSION "1.0"
| /* end confdefs.h.  */
| #include <ac_nonexistent.h>
configure:6594: result: gcc -E
configure:6618: gcc -E  conftest.c
configure:6624: $? = 0
configure:6656: gcc -E  conftest.c
conftest.c:11:28: ac_nonexistent.h: No such file or directory
configure:6662: $? = 1
configure: failed program was:
| /* confdefs.h.  */
| 
| #define PACKAGE_NAME ""
| #define PACKAGE_TARNAME ""
| #define PACKAGE_VERSION ""
| #define PACKAGE_STRING ""
| #define PACKAGE_BUGREPORT ""
| #define PACKAGE "vis-base"
| #define VERSION "1.0"
| /* end confdefs.h.  */
| #include <ac_nonexistent.h>
configure:6706: checking for ANSI C header files
configure:6731: gcc -c -Wall -Werror -g -O2  conftest.c >&5
configure:6737: $? = 0
configure:6741: test -z 
			 || test ! -s conftest.err
configure:6744: $? = 0
configure:6747: test -s conftest.o
configure:6750: $? = 0
configure:6839: gcc -o conftest -Wall -Werror -g -O2   conftest.c  >&5
conftest.c: In function `main':
conftest.c:28: warning: implicit declaration of function `exit'
configure:6842: $? = 1
configure: program exited with status 1
configure: failed program was:
| /* confdefs.h.  */
| 
| #define PACKAGE_NAME ""
| #define PACKAGE_TARNAME ""
| #define PACKAGE_VERSION ""
| #define PACKAGE_STRING ""
| #define PACKAGE_BUGREPORT ""
| #define PACKAGE "vis-base"
| #define VERSION "1.0"
| /* end confdefs.h.  */
| #include <ctype.h>
| #if ((' ' & 0x0FF) == 0x020)
| # define ISLOWER(c) ('a' <= (c) && (c) <= 'z')
| # define TOUPPER(c) (ISLOWER(c) ? 'A' + ((c) - 'a') : (c))
| #else
| # define ISLOWER(c) 		   (('a' <= (c) && (c) <= 'i') 		     || ('j' <= (c) && (c) <= 'r') 		     || ('s' <= (c) && (c) <= 'z'))
| # define TOUPPER(c) (ISLOWER(c) ? ((c) | 0x40) : (c))
| #endif
| 
| #define XOR(e, f) (((e) && !(f)) || (!(e) && (f)))
| int
| main ()
| {
|   int i;
|   for (i = 0; i < 256; i++)
|     if (XOR (islower (i), ISLOWER (i))
| 	|| toupper (i) != TOUPPER (i))
|       exit(2);
|   exit (0);
| }
configure:6862: result: no
configure:6886: checking for sys/types.h
configure:6902: gcc -c -Wall -Werror -g -O2  conftest.c >&5
configure:6908: $? = 0
configure:6912: test -z 
			 || test ! -s conftest.err
configure:6915: $? = 0
configure:6918: test -s conftest.o
configure:6921: $? = 0
configure:6932: result: yes
configure:6886: checking for sys/stat.h
configure:6902: gcc -c -Wall -Werror -g -O2  conftest.c >&5
configure:6908: $? = 0
configure:6912: test -z 
			 || test ! -s conftest.err
configure:6915: $? = 0
configure:6918: test -s conftest.o
configure:6921: $? = 0
configure:6932: result: yes
configure:6886: checking for stdlib.h
configure:6902: gcc -c -Wall -Werror -g -O2  conftest.c >&5
configure:6908: $? = 0
configure:6912: test -z 
			 || test ! -s conftest.err
configure:6915: $? = 0
configure:6918: test -s conftest.o
configure:6921: $? = 0
configure:6932: result: yes
configure:6886: checking for string.h
configure:6902: gcc -c -Wall -Werror -g -O2  conftest.c >&5
configure:6908: $? = 0
configure:6912: test -z 
			 || test ! -s conftest.err
configure:6915: $? = 0
configure:6918: test -s conftest.o
configure:6921: $? = 0
configure:6932: result: yes
configure:6886: checking for memory.h
configure:6902: gcc -c -Wall -Werror -g -O2  conftest.c >&5
configure:6908: $? = 0
configure:6912: test -z 
			 || test ! -s conftest.err
configure:6915: $? = 0
configure:6918: test -s conftest.o
configure:6921: $? = 0
configure:6932: result: yes
configure:6886: checking for strings.h
configure:6902: gcc -c -Wall -Werror -g -O2  conftest.c >&5
configure:6908: $? = 0
configure:6912: test -z 
			 || test ! -s conftest.err
configure:6915: $? = 0
configure:6918: test -s conftest.o
configure:6921: $? = 0
configure:6932: result: yes
configure:6886: checking for inttypes.h
configure:6902: gcc -c -Wall -Werror -g -O2  conftest.c >&5
configure:6908: $? = 0
configure:6912: test -z 
			 || test ! -s conftest.err
configure:6915: $? = 0
configure:6918: test -s conftest.o
configure:6921: $? = 0
configure:6932: result: yes
configure:6886: checking for stdint.h
configure:6902: gcc -c -Wall -Werror -g -O2  conftest.c >&5
configure:6908: $? = 0
configure:6912: test -z 
			 || test ! -s conftest.err
configure:6915: $? = 0
configure:6918: test -s conftest.o
configure:6921: $? = 0
configure:6932: result: yes
configure:6886: checking for unistd.h
configure:6902: gcc -c -Wall -Werror -g -O2  conftest.c >&5
configure:6908: $? = 0
configure:6912: test -z 
			 || test ! -s conftest.err
configure:6915: $? = 0
configure:6918: test -s conftest.o
configure:6921: $? = 0
configure:6932: result: yes
configure:6958: checking dlfcn.h usability
configure:6970: gcc -c -Wall -Werror -g -O2  conftest.c >&5
configure:6976: $? = 0
configure:6980: test -z 
			 || test ! -s conftest.err
configure:6983: $? = 0
configure:6986: test -s conftest.o
configure:6989: $? = 0
configure:6999: result: yes
configure:7003: checking dlfcn.h presence
configure:7013: gcc -E  conftest.c
configure:7019: $? = 0
configure:7039: result: yes
configure:7074: checking for dlfcn.h
configure:7081: result: yes
configure:7146: checking for g++
configure:7162: found /usr/bin/g++
configure:7172: result: g++
configure:7188: checking for C++ compiler version
configure:7191: g++ --version </dev/null >&5
g++ (GCC) 4.1.1 (Gentoo 4.1.1)
Copyright (C) 2006 Free Software Foundation, Inc.
This is free software; see the source for copying conditions.  There is NO
warranty; not even for MERCHANTABILITY or FITNESS FOR A PARTICULAR PURPOSE.

configure:7194: $? = 0
configure:7196: g++ -v </dev/null >&5
Using built-in specs.
Target: i686-pc-linux-gnu
Configured with: /var/tmp/portage/gcc-4.1.1/work/gcc-4.1.1/configure --prefix=/usr --bindir=/usr/i686-pc-linux-gnu/gcc-bin/4.1.1 --includedir=/usr/lib/gcc/i686-pc-linux-gnu/4.1.1/include --datadir=/usr/share/gcc-data/i686-pc-linux-gnu/4.1.1 --mandir=/usr/share/gcc-data/i686-pc-linux-gnu/4.1.1/man --infodir=/usr/share/gcc-data/i686-pc-linux-gnu/4.1.1/info --with-gxx-include-dir=/usr/lib/gcc/i686-pc-linux-gnu/4.1.1/include/g++-v4 --host=i686-pc-linux-gnu --build=i686-pc-linux-gnu --disable-altivec --enable-nls --without-included-gettext --with-system-zlib --disable-checking --disable-werror --disable-libunwind-exceptions --disable-multilib --disable-libmudflap --disable-libssp --disable-libgcj --enable-languages=c,c++,fortran --enable-shared --enable-threads=posix --enable-__cxa_atexit --enable-clocale=gnu
Thread model: posix
gcc version 4.1.1 (Gentoo 4.1.1)
configure:7199: $? = 0
configure:7201: g++ -V </dev/null >&5
g++: '-V' option must have argument
configure:7204: $? = 1
configure:7207: checking whether we are using the GNU C++ compiler
configure:7231: g++ -c   conftest.cc >&5
configure:7237: $? = 0
configure:7241: test -z 
			 || test ! -s conftest.err
configure:7244: $? = 0
configure:7247: test -s conftest.o
configure:7250: $? = 0
configure:7263: result: yes
configure:7269: checking whether g++ accepts -g
configure:7290: g++ -c -g  conftest.cc >&5
configure:7296: $? = 0
configure:7300: test -z 
			 || test ! -s conftest.err
configure:7303: $? = 0
configure:7306: test -s conftest.o
configure:7309: $? = 0
configure:7320: result: yes
configure:7362: g++ -c -g -O2  conftest.cc >&5
configure:7368: $? = 0
configure:7372: test -z 
			 || test ! -s conftest.err
configure:7375: $? = 0
configure:7378: test -s conftest.o
configure:7381: $? = 0
configure:7407: g++ -c -g -O2  conftest.cc >&5
conftest.cc: In function 'int main()':
conftest.cc:25: error: 'exit' was not declared in this scope
configure:7413: $? = 1
configure: failed program was:
| /* confdefs.h.  */
| 
| #define PACKAGE_NAME ""
| #define PACKAGE_TARNAME ""
| #define PACKAGE_VERSION ""
| #define PACKAGE_STRING ""
| #define PACKAGE_BUGREPORT ""
| #define PACKAGE "vis-base"
| #define VERSION "1.0"
| #define HAVE_SYS_TYPES_H 1
| #define HAVE_SYS_STAT_H 1
| #define HAVE_STDLIB_H 1
| #define HAVE_STRING_H 1
| #define HAVE_MEMORY_H 1
| #define HAVE_STRINGS_H 1
| #define HAVE_INTTYPES_H 1
| #define HAVE_STDINT_H 1
| #define HAVE_UNISTD_H 1
| #define HAVE_DLFCN_H 1
| /* end confdefs.h.  */
| 
| int
| main ()
| {
| exit (42);
|   ;
|   return 0;
| }
configure:7362: g++ -c -g -O2  conftest.cc >&5
configure:7368: $? = 0
configure:7372: test -z 
			 || test ! -s conftest.err
configure:7375: $? = 0
configure:7378: test -s conftest.o
configure:7381: $? = 0
configure:7407: g++ -c -g -O2  conftest.cc >&5
configure:7413: $? = 0
configure:7417: test -z 
			 || test ! -s conftest.err
configure:7420: $? = 0
configure:7423: test -s conftest.o
configure:7426: $? = 0
configure:7451: checking dependency style of g++
configure:7541: result: none
configure:7568: checking how to run the C++ preprocessor
configure:7599: g++ -E  conftest.cc
configure:7605: $? = 0
configure:7637: g++ -E  conftest.cc
conftest.cc:24:28: error: ac_nonexistent.h: No such file or directory
configure:7643: $? = 1
configure: failed program was:
| /* confdefs.h.  */
| 
| #define PACKAGE_NAME ""
| #define PACKAGE_TARNAME ""
| #define PACKAGE_VERSION ""
| #define PACKAGE_STRING ""
| #define PACKAGE_BUGREPORT ""
| #define PACKAGE "vis-base"
| #define VERSION "1.0"
| #define HAVE_SYS_TYPES_H 1
| #define HAVE_SYS_STAT_H 1
| #define HAVE_STDLIB_H 1
| #define HAVE_STRING_H 1
| #define HAVE_MEMORY_H 1
| #define HAVE_STRINGS_H 1
| #define HAVE_INTTYPES_H 1
| #define HAVE_STDINT_H 1
| #define HAVE_UNISTD_H 1
| #define HAVE_DLFCN_H 1
| #ifdef __cplusplus
| extern "C" void std::exit (int) throw (); using std::exit;
| #endif
| /* end confdefs.h.  */
| #include <ac_nonexistent.h>
configure:7682: result: g++ -E
configure:7706: g++ -E  conftest.cc
configure:7712: $? = 0
configure:7744: g++ -E  conftest.cc
conftest.cc:24:28: error: ac_nonexistent.h: No such file or directory
configure:7750: $? = 1
configure: failed program was:
| /* confdefs.h.  */
| 
| #define PACKAGE_NAME ""
| #define PACKAGE_TARNAME ""
| #define PACKAGE_VERSION ""
| #define PACKAGE_STRING ""
| #define PACKAGE_BUGREPORT ""
| #define PACKAGE "vis-base"
| #define VERSION "1.0"
| #define HAVE_SYS_TYPES_H 1
| #define HAVE_SYS_STAT_H 1
| #define HAVE_STDLIB_H 1
| #define HAVE_STRING_H 1
| #define HAVE_MEMORY_H 1
| #define HAVE_STRINGS_H 1
| #define HAVE_INTTYPES_H 1
| #define HAVE_STDINT_H 1
| #define HAVE_UNISTD_H 1
| #define HAVE_DLFCN_H 1
| #ifdef __cplusplus
| extern "C" void std::exit (int) throw (); using std::exit;
| #endif
| /* end confdefs.h.  */
| #include <ac_nonexistent.h>
configure:7847: checking for g77
configure:7876: result: no
configure:7847: checking for f77
configure:7876: result: no
configure:7847: checking for xlf
configure:7876: result: no
configure:7847: checking for frt
configure:7876: result: no
configure:7847: checking for pgf77
configure:7876: result: no
configure:7847: checking for fort77
configure:7876: result: no
configure:7847: checking for fl32
configure:7876: result: no
configure:7847: checking for af77
configure:7876: result: no
configure:7847: checking for f90
configure:7876: result: no
configure:7847: checking for xlf90
configure:7876: result: no
configure:7847: checking for pgf90
configure:7876: result: no
configure:7847: checking for epcf90
configure:7876: result: no
configure:7847: checking for f95
configure:7876: result: no
configure:7847: checking for fort
configure:7876: result: no
configure:7847: checking for xlf95
configure:7876: result: no
configure:7847: checking for ifc
configure:7876: result: no
configure:7847: checking for efc
configure:7876: result: no
configure:7847: checking for pgf95
configure:7876: result: no
configure:7847: checking for lf95
configure:7876: result: no
configure:7847: checking for gfortran
configure:7863: found /usr/i686-pc-linux-gnu/gcc-bin/4.1.1/gfortran
configure:7873: result: gfortran
configure:7888: checking for Fortran 77 compiler version
configure:7891: gfortran --version </dev/null >&5
GNU Fortran 95 (GCC) 4.1.1 (Gentoo 4.1.1)
Copyright (C) 2006 Free Software Foundation, Inc.

GNU Fortran comes with NO WARRANTY, to the extent permitted by law.
You may redistribute copies of GNU Fortran
under the terms of the GNU General Public License.
For more information about these matters, see the file named COPYING

configure:7894: $? = 0
configure:7896: gfortran -v </dev/null >&5
Using built-in specs.
Target: i686-pc-linux-gnu
Configured with: /var/tmp/portage/gcc-4.1.1/work/gcc-4.1.1/configure --prefix=/usr --bindir=/usr/i686-pc-linux-gnu/gcc-bin/4.1.1 --includedir=/usr/lib/gcc/i686-pc-linux-gnu/4.1.1/include --datadir=/usr/share/gcc-data/i686-pc-linux-gnu/4.1.1 --mandir=/usr/share/gcc-data/i686-pc-linux-gnu/4.1.1/man --infodir=/usr/share/gcc-data/i686-pc-linux-gnu/4.1.1/info --with-gxx-include-dir=/usr/lib/gcc/i686-pc-linux-gnu/4.1.1/include/g++-v4 --host=i686-pc-linux-gnu --build=i686-pc-linux-gnu --disable-altivec --enable-nls --without-included-gettext --with-system-zlib --disable-checking --disable-werror --disable-libunwind-exceptions --disable-multilib --disable-libmudflap --disable-libssp --disable-libgcj --enable-languages=c,c++,fortran --enable-shared --enable-threads=posix --enable-__cxa_atexit --enable-clocale=gnu
Thread model: posix
gcc version 4.1.1 (Gentoo 4.1.1)
configure:7899: $? = 0
configure:7901: gfortran -V </dev/null >&5
gfortran: '-V' option must have argument
configure:7904: $? = 1
configure:7912: checking whether we are using the GNU Fortran 77 compiler
configure:7926: gfortran -c  conftest.F >&5
configure:7932: $? = 0
configure:7936: test -z 
			 || test ! -s conftest.err
configure:7939: $? = 0
configure:7942: test -s conftest.o
configure:7945: $? = 0
configure:7958: result: yes
configure:7964: checking whether gfortran accepts -g
configure:7976: gfortran -c -g conftest.f >&5
configure:7982: $? = 0
configure:7986: test -z 
			 || test ! -s conftest.err
configure:7989: $? = 0
configure:7992: test -s conftest.o
configure:7995: $? = 0
configure:8007: result: yes
configure:8037: checking the maximum length of command line arguments
configure:8146: result: 32768
configure:8157: checking command to parse /usr/bin/nm -B output from gcc object
configure:8262: gcc -c -Wall -Werror -g -O2  conftest.c >&5
configure:8265: $? = 0
configure:8269: /usr/bin/nm -B conftest.o \| sed -n -e 's/^.*[ 	]\([ABCDGIRSTW][ABCDGIRSTW]*\)[ 	][ 	]*\([_A-Za-z][_A-Za-z0-9]*\)$/\1 \2 \2/p' \> conftest.nm
configure:8272: $? = 0
configure:8324: gcc -o conftest -Wall -Werror -g -O2   conftest.c conftstm.o >&5
configure:8327: $? = 0
configure:8365: result: ok
configure:8369: checking for objdir
configure:8384: result: .libs
configure:8474: checking for ar
configure:8490: found /usr/bin/ar
configure:8501: result: ar
configure:8554: checking for ranlib
configure:8570: found /usr/bin/ranlib
configure:8581: result: ranlib
configure:8634: checking for strip
configure:8650: found /usr/bin/strip
configure:8661: result: strip
configure:8933: checking if gcc supports -fno-rtti -fno-exceptions
configure:8951: gcc -c -Wall -Werror -g -O2  -fno-rtti -fno-exceptions conftest.c >&5
cc1: warning: command line option "-fno-rtti" is valid for C++/ObjC++ but not for C
configure:8955: $? = 1
configure:8968: result: no
configure:8983: checking for gcc option to produce PIC
configure:9193: result: -fPIC
configure:9201: checking if gcc PIC flag -fPIC works
configure:9219: gcc -c -Wall -Werror -g -O2  -fPIC -DPIC conftest.c >&5
configure:9223: $? = 0
configure:9236: result: yes
configure:9264: checking if gcc static flag -static works
configure:9292: result: yes
configure:9302: checking if gcc supports -c -o file.o
configure:9323: gcc -c -Wall -Werror -g -O2  -o out/conftest2.o conftest.c >&5
configure:9327: $? = 0
configure:9349: result: yes
configure:9375: checking whether the gcc linker (/usr/i686-pc-linux-gnu/bin/ld) supports shared libraries
configure:10333: result: yes
configure:10354: checking whether -lc should be explicitly linked in
configure:10359: gcc -c -Wall -Werror -g -O2  conftest.c >&5
configure:10362: $? = 0
configure:10377: gcc -shared conftest.o  -v -Wl,-soname -Wl,conftest -o conftest 2\>\&1 \| grep  -lc  \>/dev/null 2\>\&1
configure:10380: $? = 0
configure:10392: result: no
configure:10400: checking dynamic linker characteristics
configure:10988: result: GNU/Linux ld.so
configure:10997: checking how to hardcode library paths into programs
configure:11022: result: immediate
configure:11036: checking whether stripping libraries is possible
configure:11041: result: yes
configure:11875: checking if libtool supports shared libraries
configure:11877: result: yes
configure:11880: checking whether to build shared libraries
configure:11901: result: yes
configure:11904: checking whether to build static libraries
configure:11908: result: yes
configure:12000: creating libtool
configure:12588: checking for ld used by g++
configure:12655: result: /usr/i686-pc-linux-gnu/bin/ld
configure:12664: checking if the linker (/usr/i686-pc-linux-gnu/bin/ld) is GNU ld
configure:12679: result: yes
configure:12730: checking whether the g++ linker (/usr/i686-pc-linux-gnu/bin/ld) supports shared libraries
configure:13668: result: yes
configure:13686: g++ -c -g -O2  conftest.cpp >&5
configure:13689: $? = 0
configure:13808: checking for g++ option to produce PIC
configure:14082: result: -fPIC
configure:14090: checking if g++ PIC flag -fPIC works
configure:14108: g++ -c -g -O2  -fPIC -DPIC conftest.cpp >&5
configure:14112: $? = 0
configure:14125: result: yes
configure:14153: checking if g++ static flag -static works
configure:14181: result: yes
configure:14191: checking if g++ supports -c -o file.o
configure:14212: g++ -c -g -O2  -o out/conftest2.o conftest.cpp >&5
configure:14216: $? = 0
configure:14238: result: yes
configure:14264: checking whether the g++ linker (/usr/i686-pc-linux-gnu/bin/ld) supports shared libraries
configure:14289: result: yes
configure:14356: checking dynamic linker characteristics
configure:14944: result: GNU/Linux ld.so
configure:14953: checking how to hardcode library paths into programs
configure:14978: result: immediate
configure:15504: checking if libtool supports shared libraries
configure:15506: result: yes
configure:15509: checking whether to build shared libraries
configure:15529: result: yes
configure:15532: checking whether to build static libraries
configure:15536: result: yes
configure:15546: checking for gfortran option to produce PIC
configure:15756: result: -fPIC
configure:15764: checking if gfortran PIC flag -fPIC works
configure:15782: gfortran -c -g -O2 -fPIC conftest.f >&5
configure:15786: $? = 0
configure:15799: result: yes
configure:15827: checking if gfortran static flag -static works
configure:15855: result: yes
configure:15865: checking if gfortran supports -c -o file.o
configure:15886: gfortran -c -g -O2 -o out/conftest2.o conftest.f >&5
configure:15890: $? = 0
configure:15912: result: yes
configure:15938: checking whether the gfortran linker (/usr/i686-pc-linux-gnu/bin/ld) supports shared libraries
configure:16876: result: yes
configure:16943: checking dynamic linker characteristics
configure:17531: result: GNU/Linux ld.so
configure:17540: checking how to hardcode library paths into programs
configure:17565: result: immediate
configure:21289: creating ./config.status

## ---------------------- ##
## Running config.status. ##
## ---------------------- ##

This file was extended by config.status, which was
generated by GNU Autoconf 2.59.  Invocation command line was

  CONFIG_FILES    = 
  CONFIG_HEADERS  = 
  CONFIG_LINKS    = 
  CONFIG_COMMANDS = 
  $ ./config.status 

on localhost

config.status:770: creating vis-base.pc
config.status:770: creating ./tbscript/Makefile
config.status:770: creating ./lib/Makefile
config.status:770: creating ./Makefile
config.status:770: creating ./bin/tbscript/Makefile
config.status:770: creating ./bin/lib/Makefile
config.status:770: creating ./bin/Makefile
config.status:960: executing depfiles commands

## ---------------- ##
## Cache variables. ##
## ---------------- ##

ac_cv_build=i686-pc-linux-gnu
ac_cv_build_alias=i686-pc-linux-gnu
ac_cv_c_compiler_gnu=yes
ac_cv_cxx_compiler_gnu=yes
ac_cv_env_ATERM_JAVA_CFLAGS_set=
ac_cv_env_ATERM_JAVA_CFLAGS_value=
ac_cv_env_ATERM_JAVA_LIBS_set=
ac_cv_env_ATERM_JAVA_LIBS_value=
ac_cv_env_ATERM_JAVA_PREFIX_set=
ac_cv_env_ATERM_JAVA_PREFIX_value=
ac_cv_env_CC_set=
ac_cv_env_CC_value=
ac_cv_env_CFLAGS_set=
ac_cv_env_CFLAGS_value=
ac_cv_env_CONFIG_SUPPORT_CFLAGS_set=
ac_cv_env_CONFIG_SUPPORT_CFLAGS_value=
ac_cv_env_CONFIG_SUPPORT_LIBS_set=
ac_cv_env_CONFIG_SUPPORT_LIBS_value=
ac_cv_env_CONFIG_SUPPORT_PREFIX_set=
ac_cv_env_CONFIG_SUPPORT_PREFIX_value=
ac_cv_env_CPPFLAGS_set=
ac_cv_env_CPPFLAGS_value=
ac_cv_env_CPP_set=
ac_cv_env_CPP_value=
ac_cv_env_CXXCPP_set=
ac_cv_env_CXXCPP_value=
ac_cv_env_CXXFLAGS_set=
ac_cv_env_CXXFLAGS_value=
ac_cv_env_CXX_set=
ac_cv_env_CXX_value=
ac_cv_env_F77_set=
ac_cv_env_F77_value=
ac_cv_env_FFLAGS_set=
ac_cv_env_FFLAGS_value=
ac_cv_env_LDFLAGS_set=
ac_cv_env_LDFLAGS_value=
ac_cv_env_META_STUDIO_CFLAGS_set=
ac_cv_env_META_STUDIO_CFLAGS_value=
ac_cv_env_META_STUDIO_LIBS_set=
ac_cv_env_META_STUDIO_LIBS_value=
ac_cv_env_META_STUDIO_PREFIX_set=
ac_cv_env_META_STUDIO_PREFIX_value=
ac_cv_env_PKG_CONFIG_set=
ac_cv_env_PKG_CONFIG_value=
ac_cv_env_RSTORE_CONTAINER_CFLAGS_set=
ac_cv_env_RSTORE_CONTAINER_CFLAGS_value=
ac_cv_env_RSTORE_CONTAINER_LIBS_set=
ac_cv_env_RSTORE_CONTAINER_LIBS_value=
ac_cv_env_RSTORE_CONTAINER_PREFIX_set=
ac_cv_env_RSTORE_CONTAINER_PREFIX_value=
ac_cv_env_TOOLBUS_CFLAGS_set=
ac_cv_env_TOOLBUS_CFLAGS_value=
ac_cv_env_TOOLBUS_JAVA_ADAPTER_CFLAGS_set=
ac_cv_env_TOOLBUS_JAVA_ADAPTER_CFLAGS_value=
ac_cv_env_TOOLBUS_JAVA_ADAPTER_LIBS_set=
ac_cv_env_TOOLBUS_JAVA_ADAPTER_LIBS_value=
ac_cv_env_TOOLBUS_JAVA_ADAPTER_PREFIX_set=
ac_cv_env_TOOLBUS_JAVA_ADAPTER_PREFIX_value=
ac_cv_env_TOOLBUS_LIBS_set=
ac_cv_env_TOOLBUS_LIBS_value=
ac_cv_env_TOOLBUS_PREFIX_set=
ac_cv_env_TOOLBUS_PREFIX_value=
ac_cv_env_TUNIT_CFLAGS_set=
ac_cv_env_TUNIT_CFLAGS_value=
ac_cv_env_TUNIT_LIBS_set=
ac_cv_env_TUNIT_LIBS_value=
ac_cv_env_TUNIT_PREFIX_set=
ac_cv_env_TUNIT_PREFIX_value=
ac_cv_env_build_alias_set=
ac_cv_env_build_alias_value=
ac_cv_env_host_alias_set=
ac_cv_env_host_alias_value=
ac_cv_env_target_alias_set=
ac_cv_env_target_alias_value=
ac_cv_exeext=
ac_cv_f77_compiler_gnu=yes
ac_cv_header_dlfcn_h=yes
ac_cv_header_inttypes_h=yes
ac_cv_header_memory_h=yes
ac_cv_header_stdc=no
ac_cv_header_stdint_h=yes
ac_cv_header_stdlib_h=yes
ac_cv_header_string_h=yes
ac_cv_header_strings_h=yes
ac_cv_header_sys_stat_h=yes
ac_cv_header_sys_types_h=yes
ac_cv_header_unistd_h=yes
ac_cv_host=i686-pc-linux-gnu
ac_cv_host_alias=i686-pc-linux-gnu
ac_cv_objext=o
ac_cv_path_ac_pt_PKG_CONFIG=/home/buildtools/bin/pkg-config
ac_cv_path_install='/usr/bin/install -c'
ac_cv_prog_AWK=gawk
ac_cv_prog_CPP='gcc -E'
ac_cv_prog_CXXCPP='g++ -E'
ac_cv_prog_ac_ct_AR=ar
ac_cv_prog_ac_ct_CC=gcc
ac_cv_prog_ac_ct_CXX=g++
ac_cv_prog_ac_ct_F77=gfortran
ac_cv_prog_ac_ct_RANLIB=ranlib
ac_cv_prog_ac_ct_STRIP=strip
ac_cv_prog_cc_g=yes
ac_cv_prog_cc_stdc=
ac_cv_prog_cxx_g=yes
ac_cv_prog_egrep='grep -E'
ac_cv_prog_f77_g=yes
ac_cv_prog_make_make_set=yes
am_cv_CC_dependencies_compiler_type=none
am_cv_CXX_dependencies_compiler_type=none
lt_cv_deplibs_check_method=pass_all
lt_cv_file_magic_cmd='$MAGIC_CMD'
lt_cv_file_magic_test_file=
lt_cv_ld_reload_flag=-r
lt_cv_objdir=.libs
lt_cv_path_LD=/usr/i686-pc-linux-gnu/bin/ld
lt_cv_path_LDCXX=/usr/i686-pc-linux-gnu/bin/ld
lt_cv_path_NM='/usr/bin/nm -B'
lt_cv_path_SED=/bin/sed
lt_cv_prog_compiler_c_o=yes
lt_cv_prog_compiler_c_o_CXX=yes
lt_cv_prog_compiler_c_o_F77=yes
lt_cv_prog_compiler_rtti_exceptions=no
lt_cv_prog_gnu_ld=yes
lt_cv_prog_gnu_ldcxx=yes
lt_cv_sys_global_symbol_pipe='sed -n -e '\''s/^.*[ 	]\([ABCDGIRSTW][ABCDGIRSTW]*\)[ 	][ 	]*\([_A-Za-z][_A-Za-z0-9]*\)$/\1 \2 \2/p'\'''
lt_cv_sys_global_symbol_to_c_name_address='sed -n -e '\''s/^: \([^ ]*\) $/  {\"\1\", (lt_ptr) 0},/p'\'' -e '\''s/^[BCDEGRST] \([^ ]*\) \([^ ]*\)$/  {"\2", (lt_ptr) \&\2},/p'\'''
lt_cv_sys_global_symbol_to_cdecl='sed -n -e '\''s/^. .* \(.*\)$/extern int \1;/p'\'''
lt_cv_sys_max_cmd_len=32768
lt_lt_cv_prog_compiler_c_o='"yes"'
lt_lt_cv_prog_compiler_c_o_CXX='"yes"'
lt_lt_cv_prog_compiler_c_o_F77='"yes"'
lt_lt_cv_sys_global_symbol_pipe='"sed -n -e '\''s/^.*[ 	]\\([ABCDGIRSTW][ABCDGIRSTW]*\\)[ 	][ 	]*\\([_A-Za-z][_A-Za-z0-9]*\\)\$/\\1 \\2 \\2/p'\''"'
lt_lt_cv_sys_global_symbol_to_c_name_address='"sed -n -e '\''s/^: \\([^ ]*\\) \$/  {\\\"\\1\\\", (lt_ptr) 0},/p'\'' -e '\''s/^[BCDEGRST] \\([^ ]*\\) \\([^ ]*\\)\$/  {\"\\2\", (lt_ptr) \\&\\2},/p'\''"'
lt_lt_cv_sys_global_symbol_to_cdecl='"sed -n -e '\''s/^. .* \\(.*\\)\$/extern int \\1;/p'\''"'
pkg_cv_ATERM_JAVA_CFLAGS=' '
pkg_cv_ATERM_JAVA_LIBS=' '
pkg_cv_CONFIG_SUPPORT_CFLAGS='-I/root/meta-old/installed/include  '
pkg_cv_CONFIG_SUPPORT_LIBS='-L/root/meta-old/installed/lib -lConfigAPI -lATerm  '
pkg_cv_META_STUDIO_CFLAGS='-I/root/meta-old/installed/include  '
pkg_cv_META_STUDIO_LIBS='-L/root/meta-old/installed/lib -lConfigAPI -lATB -lbsd -lnsl -lATerm  '
pkg_cv_RSTORE_CONTAINER_CFLAGS='-I/root/meta-old/installed/include  '
pkg_cv_RSTORE_CONTAINER_LIBS='-L/root/meta-old/installed/lib -lConfigAPI -lATB -lbsd -lnsl -lATerm  '
pkg_cv_TOOLBUS_CFLAGS='-I/root/meta-old/installed/include  '
pkg_cv_TOOLBUS_JAVA_ADAPTER_CFLAGS=' '
pkg_cv_TOOLBUS_JAVA_ADAPTER_LIBS=' '
pkg_cv_TOOLBUS_LIBS='-L/root/meta-old/installed/lib -lATB -lbsd -lnsl -lATerm  '
pkg_cv_TUNIT_CFLAGS=' '
pkg_cv_TUNIT_LIBS=' '

## ----------------- ##
## Output variables. ##
## ----------------- ##

ACLOCAL='${SHELL} /root/meta-old/vis-base/missing --run aclocal-1.9'
AMDEPBACKSLASH='\'
AMDEP_FALSE='#'
AMDEP_TRUE=''
AMTAR='${SHELL} /root/meta-old/vis-base/missing --run tar'
AR='ar'
ATERM_JAVA_CFLAGS=' '
ATERM_JAVA_INSTALLED_JARS=':/root/meta-old/installed/share/aterm-java.jar:/root/meta-old/installed/share/shared-objects.jar:/root/meta-old/installed/share/jjtraveler.jar'
ATERM_JAVA_JARS=':/root/meta-old/installed/share/aterm-java.jar:/root/meta-old/installed/share/shared-objects.jar:/root/meta-old/installed/share/jjtraveler.jar'
ATERM_JAVA_LIBS=' '
ATERM_JAVA_PREFIX='/root/meta-old/installed'
ATERM_JAVA_TOOLBUSFLAGS=''
AUTOCONF='${SHELL} /root/meta-old/vis-base/missing --run autoconf'
AUTOHEADER='${SHELL} /root/meta-old/vis-base/missing --run autoheader'
AUTOMAKE='${SHELL} /root/meta-old/vis-base/missing --run automake-1.9'
AWK='gawk'
CC='gcc'
CCDEPMODE='depmode=none'
CFLAGS='-Wall -Werror -g -O2'
CONFIG_SUPPORT_CFLAGS='-I/root/meta-old/installed/include  '
CONFIG_SUPPORT_INSTALLED_JARS=':/root/meta-old/installed/share/configapi.jar'
CONFIG_SUPPORT_JARS=':/root/meta-old/installed/share/configapi.jar'
CONFIG_SUPPORT_LIBS='-L/root/meta-old/installed/lib -lConfigAPI -lATerm  '
CONFIG_SUPPORT_PREFIX='/root/meta-old/installed'
CONFIG_SUPPORT_TOOLBUSFLAGS=''
CPP='gcc -E'
CPPFLAGS=''
CXX='g++'
CXXCPP='g++ -E'
CXXDEPMODE='depmode=none'
CXXFLAGS='-g -O2'
CYGPATH_W='echo'
DEFS='-DPACKAGE_NAME=\"\" -DPACKAGE_TARNAME=\"\" -DPACKAGE_VERSION=\"\" -DPACKAGE_STRING=\"\" -DPACKAGE_BUGREPORT=\"\" -DPACKAGE=\"vis-base\" -DVERSION=\"1.0\" -DHAVE_SYS_TYPES_H=1 -DHAVE_SYS_STAT_H=1 -DHAVE_STDLIB_H=1 -DHAVE_STRING_H=1 -DHAVE_MEMORY_H=1 -DHAVE_STRINGS_H=1 -DHAVE_INTTYPES_H=1 -DHAVE_STDINT_H=1 -DHAVE_UNISTD_H=1 -DHAVE_DLFCN_H=1 '
DEPDIR='.deps'
DISABLE_FALSE=''
DISABLE_TRUE='#'
ECHO='echo'
ECHO_C=''
ECHO_N='-n'
ECHO_T=''
EGREP='grep -E'
EXEEXT=''
EXTERNAL_INSTALLED_JARS=':/root/meta-old/installed/share/aterm-java.jar:/root/meta-old/installed/share/shared-objects.jar:/root/meta-old/installed/share/jjtraveler.jar:/root/meta-old/installed/share/configapi.jar:/root/meta-old/installed/share/toolbus-java-adapter.jar:/root/meta-old/installed/share/meta-studio.jar:/root/meta-old/installed/share/idw-gpl-1.4.0.jar:/root/meta-old/installed/share/rstore-container.jar:/root/meta-old/installed/share/log4j-1.2.14.jar:/root/meta-old/installed/share/junit.jar:/root/meta-old/installed/share/commons-logging-1.1.jar:/root/meta-old/installed/share/relationstores.jar:/root/meta-old/installed/share/tunit.jar:/root/meta-old/installed/share/tunit/junit.jar'
EXTERNAL_JARS=' :/root/meta-old/installed/share/aterm-java.jar:/root/meta-old/installed/share/shared-objects.jar:/root/meta-old/installed/share/jjtraveler.jar:/root/meta-old/installed/share/configapi.jar:/root/meta-old/installed/share/toolbus-java-adapter.jar:/root/meta-old/installed/share/meta-studio.jar:/root/meta-old/installed/share/idw-gpl-1.4.0.jar:/root/meta-old/installed/share/rstore-container.jar:/root/meta-old/installed/share/log4j-1.2.14.jar:/root/meta-old/installed/share/junit.jar:/root/meta-old/installed/share/commons-logging-1.1.jar:/root/meta-old/installed/share/relationstores.jar:/root/meta-old/installed/share/tunit.jar:/root/meta-old/installed/share/tunit/junit.jar'
F77='gfortran'
FFLAGS='-g -O2'
INSTALL_DATA='${INSTALL} -m 644'
INSTALL_PROGRAM='${INSTALL}'
INSTALL_SCRIPT='${INSTALL}'
INSTALL_STRIP_PROGRAM='${SHELL} $(install_sh) -c -s'
JAVA='java'
JAVA_JAR='vis-base.jar'
JAVA_LOCAL_JARS='./lib/log4j-1.2.14.jar:./lib/junit.jar:./lib/commons-logging-1.1.jar:./lib/relationstores.jar'
JAVA_MAIN_CLASS='nl.dancingbear.visbase.factbrowser.FactBrowser'
JAVA_PACKAGES='nl.dancingbear,nl,nl.dancingbear.visbase,nl.dancingbear.visbase.factbrowser,nl.dancingbear.visbase.rstorecontainer,nl.dancingbear.visbase.rstorecontainer.datatypes'
JAVA_TEST_CLASS=''
LDFLAGS=''
LIBOBJS=''
LIBS=''
LIBTOOL='$(SHELL) $(top_builddir)/libtool'
LN_S='ln -s'
LTLIBOBJS=''
MAINT=''
MAINTAINER_MODE_FALSE='#'
MAINTAINER_MODE_TRUE=''
MAKEINFO='${SHELL} /root/meta-old/vis-base/missing --run makeinfo'
META_STUDIO_CFLAGS='-I/root/meta-old/installed/include  '
META_STUDIO_INSTALLED_JARS=':/root/meta-old/installed/share/meta-studio.jar:/root/meta-old/installed/share/idw-gpl-1.4.0.jar:/root/meta-old/installed/share/aterm-java.jar:/root/meta-old/installed/share/shared-objects.jar:/root/meta-old/installed/share/jjtraveler.jar:/root/meta-old/installed/share/configapi.jar:/root/meta-old/installed/share/toolbus-java-adapter.jar'
META_STUDIO_JARS=':/root/meta-old/installed/share/meta-studio.jar:/root/meta-old/installed/share/idw-gpl-1.4.0.jar:/root/meta-old/installed/share/aterm-java.jar:/root/meta-old/installed/share/shared-objects.jar:/root/meta-old/installed/share/jjtraveler.jar:/root/meta-old/installed/share/configapi.jar:/root/meta-old/installed/share/toolbus-java-adapter.jar'
META_STUDIO_LIBS='-L/root/meta-old/installed/lib -lConfigAPI -lATB -lbsd -lnsl -lATerm  '
META_STUDIO_PREFIX='/root/meta-old/installed'
META_STUDIO_TOOLBUSFLAGS=' -I/root/meta-old/installed/share/meta-studio'
OBJEXT='o'
PACKAGE='vis-base'
PACKAGE_BUGREPORT=''
PACKAGE_NAME=''
PACKAGE_STRING=''
PACKAGE_TARNAME=''
PACKAGE_VERSION=''
PATH_SEPARATOR=':'
PKG_CONFIG='/home/buildtools/bin/pkg-config'
RANLIB='ranlib'
RSTORE_CONTAINER_CFLAGS='-I/root/meta-old/installed/include  '
RSTORE_CONTAINER_INSTALLED_JARS=':/root/meta-old/installed/share/rstore-container.jar:/root/meta-old/installed/share/log4j-1.2.14.jar:/root/meta-old/installed/share/junit.jar:/root/meta-old/installed/share/commons-logging-1.1.jar:/root/meta-old/installed/share/relationstores.jar:/root/meta-old/installed/share/aterm-java.jar:/root/meta-old/installed/share/shared-objects.jar:/root/meta-old/installed/share/jjtraveler.jar:/root/meta-old/installed/share/configapi.jar:/root/meta-old/installed/share/toolbus-java-adapter.jar:/root/meta-old/installed/share/meta-studio.jar:/root/meta-old/installed/share/idw-gpl-1.4.0.jar:/root/meta-old/installed/share/tunit.jar:/root/meta-old/installed/share/tunit/junit.jar'
RSTORE_CONTAINER_JARS=':/root/meta-old/installed/share/rstore-container.jar:/root/meta-old/installed/share/log4j-1.2.14.jar:/root/meta-old/installed/share/junit.jar:/root/meta-old/installed/share/commons-logging-1.1.jar:/root/meta-old/installed/share/relationstores.jar:/root/meta-old/installed/share/aterm-java.jar:/root/meta-old/installed/share/shared-objects.jar:/root/meta-old/installed/share/jjtraveler.jar:/root/meta-old/installed/share/configapi.jar:/root/meta-old/installed/share/toolbus-java-adapter.jar:/root/meta-old/installed/share/meta-studio.jar:/root/meta-old/installed/share/idw-gpl-1.4.0.jar:/root/meta-old/installed/share/tunit.jar:/root/meta-old/installed/share/tunit/junit.jar'
RSTORE_CONTAINER_LIBS='-L/root/meta-old/installed/lib -lConfigAPI -lATB -lbsd -lnsl -lATerm  '
RSTORE_CONTAINER_PREFIX='/root/meta-old/installed'
RSTORE_CONTAINER_TOOLBUSFLAGS=' -I/root/meta-old/installed/share/rstore-container -I/root/meta-old/installed/share/meta-studio'
SET_MAKE=''
SHELL='/bin/sh'
STRIP='strip'
TOOLBUSFLAGS='  -I/root/meta-old/installed/share/meta-studio  -I/root/meta-old/installed/share/rstore-container '
TOOLBUS_CFLAGS='-I/root/meta-old/installed/include  '
TOOLBUS_INSTALLED_JARS=''
TOOLBUS_JARS=''
TOOLBUS_JAVA_ADAPTER_CFLAGS=' '
TOOLBUS_JAVA_ADAPTER_INSTALLED_JARS=':/root/meta-old/installed/share/toolbus-java-adapter.jar:/root/meta-old/installed/share/aterm-java.jar:/root/meta-old/installed/share/shared-objects.jar:/root/meta-old/installed/share/jjtraveler.jar'
TOOLBUS_JAVA_ADAPTER_JARS=':/root/meta-old/installed/share/toolbus-java-adapter.jar:/root/meta-old/installed/share/aterm-java.jar:/root/meta-old/installed/share/shared-objects.jar:/root/meta-old/installed/share/jjtraveler.jar'
TOOLBUS_JAVA_ADAPTER_LIBS=' '
TOOLBUS_JAVA_ADAPTER_PREFIX='/root/meta-old/installed'
TOOLBUS_JAVA_ADAPTER_TOOLBUSFLAGS=''
TOOLBUS_LIBS='-L/root/meta-old/installed/lib -lATB -lbsd -lnsl -lATerm  '
TOOLBUS_PREFIX='/root/meta-old/installed'
TOOLBUS_TOOLBUSFLAGS=''
TUNIT_CFLAGS=' '
TUNIT_INSTALLED_JARS=':/root/meta-old/installed/share/tunit.jar:/root/meta-old/installed/share/tunit/junit.jar:/root/meta-old/installed/share/aterm-java.jar:/root/meta-old/installed/share/shared-objects.jar:/root/meta-old/installed/share/jjtraveler.jar:/root/meta-old/installed/share/toolbus-java-adapter.jar'
TUNIT_JARS=':/root/meta-old/installed/share/tunit.jar:/root/meta-old/installed/share/tunit/junit.jar:/root/meta-old/installed/share/aterm-java.jar:/root/meta-old/installed/share/shared-objects.jar:/root/meta-old/installed/share/jjtraveler.jar:/root/meta-old/installed/share/toolbus-java-adapter.jar'
TUNIT_LIBS=' '
TUNIT_PREFIX='/root/meta-old/installed'
TUNIT_TOOLBUSFLAGS=''
VERSION='1.0'
ac_ct_AR='ar'
ac_ct_CC='gcc'
ac_ct_CXX='g++'
ac_ct_F77='gfortran'
ac_ct_RANLIB='ranlib'
ac_ct_STRIP='strip'
ac_pt_PKG_CONFIG='/home/buildtools/bin/pkg-config'
am__fastdepCC_FALSE=''
am__fastdepCC_TRUE='#'
am__fastdepCXX_FALSE=''
am__fastdepCXX_TRUE='#'
am__include='include'
am__leading_dot='.'
am__quote=''
am__tar='${AMTAR} chof - "$$tardir"'
am__untar='${AMTAR} xf -'
bindir='${exec_prefix}/bin'
build='i686-pc-linux-gnu'
build_alias=''
build_cpu='i686'
build_os='linux-gnu'
build_vendor='pc'
datadir='${prefix}/share'
exec_prefix='${prefix}'
host='i686-pc-linux-gnu'
host_alias=''
host_cpu='i686'
host_os='linux-gnu'
host_vendor='pc'
includedir='${prefix}/include'
infodir='${prefix}/info'
install_sh='/root/meta-old/vis-base/install-sh'
libdir='${exec_prefix}/lib'
libexecdir='${exec_prefix}/libexec'
localstatedir='${prefix}/var'
mandir='${prefix}/man'
mkdir_p='mkdir -p --'
oldincludedir='/usr/include'
prefix='/root/meta-old/installed'
program_transform_name='s,x,x,'
sbindir='${exec_prefix}/sbin'
sharedstatedir='${prefix}/com'
sysconfdir='${prefix}/etc'
target_alias=''

## ----------- ##
## confdefs.h. ##
## ----------- ##

#define HAVE_DLFCN_H 1
#define HAVE_INTTYPES_H 1
#define HAVE_MEMORY_H 1
#define HAVE_STDINT_H 1
#define HAVE_STDLIB_H 1
#define HAVE_STRINGS_H 1
#define HAVE_STRING_H 1
#define HAVE_SYS_STAT_H 1
#define HAVE_SYS_TYPES_H 1
#define HAVE_UNISTD_H 1
#define PACKAGE "vis-base"
#define PACKAGE_BUGREPORT ""
#define PACKAGE_NAME ""
#define PACKAGE_STRING ""
#define PACKAGE_TARNAME ""
#define PACKAGE_VERSION ""
#define VERSION "1.0"
#endif
#ifdef __cplusplus
extern "C" void std::exit (int) throw (); using std::exit;

configure: exit 0
